#
# There is insufficient memory for the Java Runtime Environment to continue.
# Native memory allocation (malloc) failed to allocate 1094576 bytes for Chunk::new
# Possible reasons:
#   The system is out of physical RAM or swap space
#   The process is running with CompressedOops enabled, and the Java Heap may be blocking the growth of the native heap
# Possible solutions:
#   Reduce memory load on the system
#   Increase physical memory or swap space
#   Check if swap backing store is full
#   Decrease Java heap size (-Xmx/-Xms)
#   Decrease number of Java threads
#   Decrease Java thread stack sizes (-Xss)
#   Set larger code cache with -XX:ReservedCodeCacheSize=
#   JVM is running with Unscaled Compressed Oops mode in which the Java heap is
#     placed in the first 4GB address space. The Java Heap base address is the
#     maximum limit for the native heap growth. Please use -XX:HeapBaseMinAddress
#     to set the Java Heap base and to place the Java Heap above 4GB virtual address.
# This output file may be truncated or incomplete.
#
#  Out of Memory Error (arena.cpp:189), pid=16984, tid=24228
#
# JRE version: Java(TM) SE Runtime Environment (17.0.12+8) (build 17.0.12+8-LTS-286)
# Java VM: Java HotSpot(TM) 64-Bit Server VM (17.0.12+8-LTS-286, mixed mode, sharing, tiered, compressed oops, compressed class ptrs, g1 gc, windows-amd64)
# No core dump will be written. Minidumps are not enabled by default on client versions of Windows
#

---------------  S U M M A R Y ------------

Command Line: --add-opens=java.base/java.lang=ALL-UNNAMED --add-opens=java.base/java.lang.invoke=ALL-UNNAMED --add-opens=java.base/java.util=ALL-UNNAMED --add-opens=java.prefs/java.util.prefs=ALL-UNNAMED --add-exports=jdk.compiler/com.sun.tools.javac.api=ALL-UNNAMED --add-exports=jdk.compiler/com.sun.tools.javac.util=ALL-UNNAMED --add-opens=java.base/java.util=ALL-UNNAMED --add-opens=java.prefs/java.util.prefs=ALL-UNNAMED --add-opens=java.base/java.nio.charset=ALL-UNNAMED --add-opens=java.base/java.net=ALL-UNNAMED --add-opens=java.base/java.util.concurrent.atomic=ALL-UNNAMED --add-opens=java.xml/javax.xml.namespace=ALL-UNNAMED -XX:MaxMetaspaceSize=512m -Xmx2048m -Dfile.encoding=windows-1252 -Duser.country=GB -Duser.language=en -Duser.variant -javaagent:C:\Users\Neha\.gradle\wrapper\dists\gradle-8.14.1-bin\baw1sv0jfoi8rxs14qo3h49cs\gradle-8.14.1\lib\agents\gradle-instrumentation-agent-8.14.1.jar org.gradle.launcher.daemon.bootstrap.GradleDaemon 8.14.1

Host: 11th Gen Intel(R) Core(TM) i5-1135G7 @ 2.40GHz, 8 cores, 7G,  Windows 11 , 64 bit Build 26100 (10.0.26100.4768)
Time: Mon Aug  4 13:58:04 2025 E. Australia Standard Time elapsed time: 1822.165308 seconds (0d 0h 30m 22s)

---------------  T H R E A D  ---------------

Current thread (0x000001a4a46eb2e0):  JavaThread "C2 CompilerThread0" daemon [_thread_in_native, id=24228, stack(0x00000044f1600000,0x00000044f1700000)]


Current CompileTask:
C2:1822165 22206       4       org.gradle.internal.service.TypeStringFormatter::format (178 bytes)

Stack: [0x00000044f1600000,0x00000044f1700000]
Native frames: (J=compiled Java code, j=interpreted, Vv=VM code, C=native code)
V  [jvm.dll+0x67a04a]
V  [jvm.dll+0x7da4ed]
V  [jvm.dll+0x7dbe33]
V  [jvm.dll+0x7dc4a3]
V  [jvm.dll+0x24508f]
V  [jvm.dll+0xab773]
V  [jvm.dll+0xabd3c]
V  [jvm.dll+0x361b9f]
V  [jvm.dll+0x32c431]
V  [jvm.dll+0x32b8ca]
V  [jvm.dll+0x21683f]
V  [jvm.dll+0x215c6f]
V  [jvm.dll+0x1a2960]
V  [jvm.dll+0x22610b]
V  [jvm.dll+0x2242ab]
V  [jvm.dll+0x79075c]
V  [jvm.dll+0x78abea]
V  [jvm.dll+0x678f35]
C  [ucrtbase.dll+0x37b0]
C  [KERNEL32.DLL+0x2e8d7]
C  [ntdll.dll+0x3c34c]


---------------  P R O C E S S  ---------------

Threads class SMR info:
_java_thread_list=0x000001a4d241c7f0, length=47, elements={
0x000001a4844d5f00, 0x000001a4a46ce450, 0x000001a4a46d1f40, 0x000001a4a46e4c50,
0x000001a4a46e7530, 0x000001a4a46e7e00, 0x000001a4a46e86d0, 0x000001a4a46eb2e0,
0x000001a4a46edcb0, 0x000001a4a46f89e0, 0x000001a4a4912f40, 0x000001a4a4a8b9d0,
0x000001a4c5960cd0, 0x000001a4c5abdfb0, 0x000001a4c5aff680, 0x000001a4c527a070,
0x000001a4c527a580, 0x000001a4c527bed0, 0x000001a4c5c1bc90, 0x000001a4c5c1e000,
0x000001a4c5c1daf0, 0x000001a4c5c1c6b0, 0x000001a4c77cdb80, 0x000001a4c835fa70,
0x000001a4c835d1f0, 0x000001a4c83618d0, 0x000001a4c8361de0, 0x000001a4c835f050,
0x000001a4c8364660, 0x000001a4c5c1e510, 0x000001a4c66a0050, 0x000001a4d1817db0,
0x000001a4d18187d0, 0x000001a4c8c2b9d0, 0x000001a4c669fb40, 0x000001a4c669e700,
0x000001a4c669f120, 0x000001a4c669ec10, 0x000001a4c669f630, 0x000001a4ca0b02b0,
0x000001a4ca0af890, 0x000001a4ca0afda0, 0x000001a4ca0b07c0, 0x000001a4ca0b0cd0,
0x000001a4ca0af380, 0x000001a4d1c36cb0, 0x000001a4c8c2a080
}

Java Threads: ( => current thread )
  0x000001a4844d5f00 JavaThread "main" [_thread_blocked, id=21884, stack(0x00000044f0900000,0x00000044f0a00000)]
  0x000001a4a46ce450 JavaThread "Reference Handler" daemon [_thread_blocked, id=18652, stack(0x00000044f1000000,0x00000044f1100000)]
  0x000001a4a46d1f40 JavaThread "Finalizer" daemon [_thread_blocked, id=17708, stack(0x00000044f1100000,0x00000044f1200000)]
  0x000001a4a46e4c50 JavaThread "Signal Dispatcher" daemon [_thread_blocked, id=3188, stack(0x00000044f1200000,0x00000044f1300000)]
  0x000001a4a46e7530 JavaThread "Attach Listener" daemon [_thread_blocked, id=23416, stack(0x00000044f1300000,0x00000044f1400000)]
  0x000001a4a46e7e00 JavaThread "Service Thread" daemon [_thread_blocked, id=21784, stack(0x00000044f1400000,0x00000044f1500000)]
  0x000001a4a46e86d0 JavaThread "Monitor Deflation Thread" daemon [_thread_blocked, id=14632, stack(0x00000044f1500000,0x00000044f1600000)]
=>0x000001a4a46eb2e0 JavaThread "C2 CompilerThread0" daemon [_thread_in_native, id=24228, stack(0x00000044f1600000,0x00000044f1700000)]
  0x000001a4a46edcb0 JavaThread "C1 CompilerThread0" daemon [_thread_in_vm, id=8336, stack(0x00000044f1700000,0x00000044f1800000)]
  0x000001a4a46f89e0 JavaThread "Sweeper thread" daemon [_thread_blocked, id=22024, stack(0x00000044f1800000,0x00000044f1900000)]
  0x000001a4a4912f40 JavaThread "Common-Cleaner" daemon [_thread_blocked, id=21608, stack(0x00000044f1900000,0x00000044f1a00000)]
  0x000001a4a4a8b9d0 JavaThread "Notification Thread" daemon [_thread_blocked, id=20940, stack(0x00000044f1a00000,0x00000044f1b00000)]
  0x000001a4c5960cd0 JavaThread "Daemon health stats" [_thread_blocked, id=21172, stack(0x00000044f1d00000,0x00000044f1e00000)]
  0x000001a4c5abdfb0 JavaThread "Incoming local TCP Connector on port 63016" [_thread_in_native, id=9580, stack(0x00000044f2400000,0x00000044f2500000)]
  0x000001a4c5aff680 JavaThread "Daemon periodic checks" [_thread_blocked, id=18764, stack(0x00000044f2500000,0x00000044f2600000)]
  0x000001a4c527a070 JavaThread "Cache worker for journal cache (C:\Users\Neha\.gradle\caches\journal-1)" [_thread_blocked, id=19252, stack(0x00000044f2d00000,0x00000044f2e00000)]
  0x000001a4c527a580 JavaThread "File lock request listener" [_thread_in_native, id=9532, stack(0x00000044f2e00000,0x00000044f2f00000)]
  0x000001a4c527bed0 JavaThread "Cache worker for file hash cache (C:\Users\Neha\.gradle\caches\8.14.1\fileHashes)" [_thread_blocked, id=8812, stack(0x00000044f2f00000,0x00000044f3000000)]
  0x000001a4c5c1bc90 JavaThread "File watcher server" daemon [_thread_in_native, id=20612, stack(0x00000044f3600000,0x00000044f3700000)]
  0x000001a4c5c1e000 JavaThread "File watcher consumer" daemon [_thread_blocked, id=9856, stack(0x00000044f3700000,0x00000044f3800000)]
  0x000001a4c5c1daf0 JavaThread "jar transforms" [_thread_blocked, id=22400, stack(0x00000044f3900000,0x00000044f3a00000)]
  0x000001a4c5c1c6b0 JavaThread "Cache worker for file content cache (C:\Users\Neha\.gradle\caches\8.14.1\fileContent)" [_thread_blocked, id=16792, stack(0x00000044f3b00000,0x00000044f3c00000)]
  0x000001a4c77cdb80 JavaThread "Memory manager" [_thread_blocked, id=21888, stack(0x00000044f5b00000,0x00000044f5c00000)]
  0x000001a4c835fa70 JavaThread "jar transforms Thread 2" [_thread_blocked, id=21756, stack(0x00000044fa100000,0x00000044fa200000)]
  0x000001a4c835d1f0 JavaThread "jar transforms Thread 3" [_thread_blocked, id=1636, stack(0x00000044fa500000,0x00000044fa600000)]
  0x000001a4c83618d0 JavaThread "jar transforms Thread 4" [_thread_blocked, id=17772, stack(0x00000044faa00000,0x00000044fab00000)]
  0x000001a4c8361de0 JavaThread "jar transforms Thread 5" [_thread_blocked, id=6580, stack(0x00000044fa900000,0x00000044faa00000)]
  0x000001a4c835f050 JavaThread "jar transforms Thread 6" [_thread_blocked, id=19304, stack(0x00000044fab00000,0x00000044fac00000)]
  0x000001a4c8364660 JavaThread "jar transforms Thread 7" [_thread_blocked, id=10712, stack(0x00000044fb100000,0x00000044fb200000)]
  0x000001a4c5c1e510 JavaThread "jar transforms Thread 8" [_thread_blocked, id=16864, stack(0x00000044fb200000,0x00000044fb300000)]
  0x000001a4c66a0050 JavaThread "Daemon Thread 2" [_thread_blocked, id=4000, stack(0x00000044f0600000,0x00000044f0700000)]
  0x000001a4d1817db0 JavaThread "Handler for socket connection from /127.0.0.1:63016 to /127.0.0.1:64803" [_thread_in_native, id=22864, stack(0x00000044f0700000,0x00000044f0800000)]
  0x000001a4d18187d0 JavaThread "Cancel handler" [_thread_blocked, id=9272, stack(0x00000044f0800000,0x00000044f0900000)]
  0x000001a4c8c2b9d0 JavaThread "Daemon worker Thread 2" [_thread_in_Java, id=9008, stack(0x00000044f1c00000,0x00000044f1d00000)]
  0x000001a4c669fb40 JavaThread "Asynchronous log dispatcher for DefaultDaemonConnection: socket connection from /127.0.0.1:63016 to /127.0.0.1:64803" [_thread_blocked, id=22580, stack(0x00000044f2600000,0x00000044f2700000)]
  0x000001a4c669e700 JavaThread "Stdin handler" [_thread_blocked, id=17400, stack(0x00000044f2700000,0x00000044f2800000)]
  0x000001a4c669f120 JavaThread "Daemon client event forwarder" [_thread_blocked, id=21424, stack(0x00000044f2800000,0x00000044f2900000)]
  0x000001a4c669ec10 JavaThread "Cache worker for file hash cache (D:\skinSync\android\.gradle\8.14.1\fileHashes)" [_thread_blocked, id=2628, stack(0x00000044f2900000,0x00000044f2a00000)]
  0x000001a4c669f630 JavaThread "Cache worker for Build Output Cleanup Cache (D:\skinSync\android\.gradle\buildOutputCleanup)" [_thread_blocked, id=19084, stack(0x00000044f2a00000,0x00000044f2b00000)]
  0x000001a4ca0b02b0 JavaThread "Cache worker for checksums cache (D:\skinSync\android\.gradle\8.14.1\checksums)" [_thread_blocked, id=24352, stack(0x00000044f2b00000,0x00000044f2c00000)]
  0x000001a4ca0af890 JavaThread "Cache worker for cache directory md-supplier (C:\Users\Neha\.gradle\caches\8.14.1\md-supplier)" [_thread_blocked, id=9100, stack(0x00000044f2c00000,0x00000044f2d00000)]
  0x000001a4ca0afda0 JavaThread "Cache worker for cache directory md-rule (C:\Users\Neha\.gradle\caches\8.14.1\md-rule)" [_thread_blocked, id=13532, stack(0x00000044f3300000,0x00000044f3400000)]
  0x000001a4ca0b07c0 JavaThread "Cache worker for Build Output Cleanup Cache (D:\skinSync\node_modules\@react-native\gradle-plugin\.gradle\buildOutputCleanup)" [_thread_blocked, id=19596, stack(0x00000044f3400000,0x00000044f3500000)]
  0x000001a4ca0b0cd0 JavaThread "Unconstrained build operations" [_thread_blocked, id=6692, stack(0x00000044f3800000,0x00000044f3900000)]
  0x000001a4ca0af380 JavaThread "Unconstrained build operations Thread 2" [_thread_blocked, id=23408, stack(0x00000044f3a00000,0x00000044f3b00000)]
  0x000001a4d1c36cb0 JavaThread "Unconstrained build operations Thread 3" [_thread_blocked, id=5760, stack(0x00000044f3c00000,0x00000044f3d00000)]
  0x000001a4c8c2a080 JavaThread "Unconstrained build operations Thread 4" [_thread_blocked, id=23656, stack(0x00000044f3d00000,0x00000044f3e00000)]

Other Threads:
  0x000001a4a46cba00 VMThread "VM Thread" [stack: 0x00000044f0f00000,0x00000044f1000000] [id=7564]
  0x000001a484552440 WatcherThread [stack: 0x00000044f1b00000,0x00000044f1c00000] [id=10836]
  0x000001a484534480 GCTaskThread "GC Thread#0" [stack: 0x00000044f0a00000,0x00000044f0b00000] [id=22128]
  0x000001a4c41e8040 GCTaskThread "GC Thread#1" [stack: 0x00000044f1e00000,0x00000044f1f00000] [id=1556]
  0x000001a4c45c6410 GCTaskThread "GC Thread#2" [stack: 0x00000044f1f00000,0x00000044f2000000] [id=22416]
  0x000001a4c4d8f1f0 GCTaskThread "GC Thread#3" [stack: 0x00000044f2000000,0x00000044f2100000] [id=23872]
  0x000001a4c445e330 GCTaskThread "GC Thread#4" [stack: 0x00000044f2100000,0x00000044f2200000] [id=5408]
  0x000001a4c7986830 GCTaskThread "GC Thread#5" [stack: 0x00000044f3000000,0x00000044f3100000] [id=3712]
  0x000001a4c79857b0 GCTaskThread "GC Thread#6" [stack: 0x00000044f3100000,0x00000044f3200000] [id=12028]
  0x000001a4c79862b0 GCTaskThread "GC Thread#7" [stack: 0x00000044f3200000,0x00000044f3300000] [id=19392]
  0x000001a4845462f0 ConcurrentGCThread "G1 Main Marker" [stack: 0x00000044f0b00000,0x00000044f0c00000] [id=23932]
  0x000001a4845478e0 ConcurrentGCThread "G1 Conc#0" [stack: 0x00000044f0c00000,0x00000044f0d00000] [id=23620]
  0x000001a4c79854f0 ConcurrentGCThread "G1 Conc#1" [stack: 0x00000044f3500000,0x00000044f3600000] [id=23856]
  0x000001a48459e4a0 ConcurrentGCThread "G1 Refine#0" [stack: 0x00000044f0d00000,0x00000044f0e00000] [id=20020]
  0x000001a4a4b00a40 ConcurrentGCThread "G1 Refine#1" [stack: 0x00000044f2200000,0x00000044f2300000] [id=23256]
  0x000001a4c4a9afc0 ConcurrentGCThread "G1 Refine#2" [stack: 0x00000044f2300000,0x00000044f2400000] [id=17760]
  0x000001a4c8ccdc40 ConcurrentGCThread "G1 Refine#3" [stack: 0x00000044fac00000,0x00000044fad00000] [id=8216]
  0x000001a48459ec80 ConcurrentGCThread "G1 Service" [stack: 0x00000044f0e00000,0x00000044f0f00000] [id=11708]

Threads with active compile tasks:
C2 CompilerThread0  1822239 22206       4       org.gradle.internal.service.TypeStringFormatter::format (178 bytes)
C1 CompilerThread0  1822239 22221       3       org.apache.commons.lang.StringUtils::splitWorker (385 bytes)

VM state: not at safepoint (normal execution)

VM Mutex/Monitor currently owned by a thread: None

Heap address: 0x0000000080000000, size: 2048 MB, Compressed Oops mode: 32-bit

CDS archive(s) mapped at: [0x000001a4a5000000-0x000001a4a5bd0000-0x000001a4a5bd0000), size 12386304, SharedBaseAddress: 0x000001a4a5000000, ArchiveRelocationMode: 1.
Compressed class space mapped at: 0x000001a4a6000000-0x000001a4c0000000, reserved size: 436207616
Narrow klass base: 0x000001a4a5000000, Narrow klass shift: 0, Narrow klass range: 0x100000000

GC Precious Log:
 CPUs: 8 total, 8 available
 Memory: 7959M
 Large Page Support: Disabled
 NUMA Support: Disabled
 Compressed Oops: Enabled (32-bit)
 Heap Region Size: 1M
 Heap Min Capacity: 8M
 Heap Initial Capacity: 126M
 Heap Max Capacity: 2G
 Pre-touch: Disabled
 Parallel Workers: 8
 Concurrent Workers: 2
 Concurrent Refinement Workers: 8
 Periodic GC: Disabled

Heap:
 garbage-first heap   total 377856K, used 307453K [0x0000000080000000, 0x0000000100000000)
  region size 1024K, 8 young (8192K), 2 survivors (2048K)
 Metaspace       used 132293K, committed 134144K, reserved 557056K
  class space    used 18230K, committed 19072K, reserved 425984K

Heap Regions: E=young(eden), S=young(survivor), O=old, HS=humongous(starts), HC=humongous(continues), CS=collection set, F=free, OA=open archive, CA=closed archive, TAMS=top-at-mark-start (previous, next)
|   0|0x0000000080000000, 0x0000000080100000, 0x0000000080100000|100%|HS|  |TAMS 0x0000000080100000, 0x0000000080000000| Complete 
|   1|0x0000000080100000, 0x0000000080200000, 0x0000000080200000|100%|HC|  |TAMS 0x0000000080200000, 0x0000000080100000| Complete 
|   2|0x0000000080200000, 0x0000000080300000, 0x0000000080300000|100%|HC|  |TAMS 0x0000000080300000, 0x0000000080200000| Complete 
|   3|0x0000000080300000, 0x0000000080400000, 0x0000000080400000|100%| O|  |TAMS 0x0000000080400000, 0x0000000080300000| Untracked 
|   4|0x0000000080400000, 0x0000000080500000, 0x0000000080500000|100%| O|  |TAMS 0x0000000080500000, 0x0000000080400000| Untracked 
|   5|0x0000000080500000, 0x0000000080600000, 0x0000000080600000|100%| O|  |TAMS 0x0000000080600000, 0x0000000080500000| Untracked 
|   6|0x0000000080600000, 0x0000000080700000, 0x0000000080700000|100%|HS|  |TAMS 0x0000000080700000, 0x0000000080600000| Complete 
|   7|0x0000000080700000, 0x0000000080800000, 0x0000000080800000|100%| O|  |TAMS 0x0000000080800000, 0x0000000080700000| Untracked 
|   8|0x0000000080800000, 0x0000000080900000, 0x0000000080900000|100%| O|  |TAMS 0x0000000080900000, 0x0000000080800000| Untracked 
|   9|0x0000000080900000, 0x0000000080a00000, 0x0000000080a00000|100%| O|  |TAMS 0x0000000080a00000, 0x0000000080900000| Untracked 
|  10|0x0000000080a00000, 0x0000000080b00000, 0x0000000080b00000|100%| O|  |TAMS 0x0000000080b00000, 0x0000000080a00000| Untracked 
|  11|0x0000000080b00000, 0x0000000080c00000, 0x0000000080c00000|100%| O|  |TAMS 0x0000000080c00000, 0x0000000080b00000| Untracked 
|  12|0x0000000080c00000, 0x0000000080d00000, 0x0000000080d00000|100%| O|  |TAMS 0x0000000080d00000, 0x0000000080c00000| Untracked 
|  13|0x0000000080d00000, 0x0000000080e00000, 0x0000000080e00000|100%| O|  |TAMS 0x0000000080e00000, 0x0000000080d00000| Untracked 
|  14|0x0000000080e00000, 0x0000000080f00000, 0x0000000080f00000|100%| O|  |TAMS 0x0000000080f00000, 0x0000000080e00000| Untracked 
|  15|0x0000000080f00000, 0x0000000081000000, 0x0000000081000000|100%| O|  |TAMS 0x0000000081000000, 0x0000000080f00000| Untracked 
|  16|0x0000000081000000, 0x0000000081100000, 0x0000000081100000|100%| O|  |TAMS 0x0000000081100000, 0x0000000081000000| Untracked 
|  17|0x0000000081100000, 0x0000000081200000, 0x0000000081200000|100%| O|  |TAMS 0x0000000081200000, 0x0000000081100000| Untracked 
|  18|0x0000000081200000, 0x0000000081300000, 0x0000000081300000|100%| O|  |TAMS 0x0000000081300000, 0x0000000081200000| Untracked 
|  19|0x0000000081300000, 0x0000000081400000, 0x0000000081400000|100%| O|  |TAMS 0x0000000081400000, 0x0000000081300000| Untracked 
|  20|0x0000000081400000, 0x0000000081500000, 0x0000000081500000|100%| O|  |TAMS 0x0000000081500000, 0x0000000081400000| Untracked 
|  21|0x0000000081500000, 0x0000000081600000, 0x0000000081600000|100%| O|  |TAMS 0x0000000081600000, 0x0000000081500000| Untracked 
|  22|0x0000000081600000, 0x0000000081700000, 0x0000000081700000|100%| O|  |TAMS 0x0000000081700000, 0x0000000081600000| Untracked 
|  23|0x0000000081700000, 0x0000000081800000, 0x0000000081800000|100%| O|  |TAMS 0x0000000081800000, 0x0000000081700000| Untracked 
|  24|0x0000000081800000, 0x0000000081900000, 0x0000000081900000|100%| O|  |TAMS 0x0000000081900000, 0x0000000081800000| Untracked 
|  25|0x0000000081900000, 0x0000000081a00000, 0x0000000081a00000|100%| O|  |TAMS 0x0000000081a00000, 0x0000000081900000| Untracked 
|  26|0x0000000081a00000, 0x0000000081b00000, 0x0000000081b00000|100%| O|  |TAMS 0x0000000081b00000, 0x0000000081a00000| Untracked 
|  27|0x0000000081b00000, 0x0000000081c00000, 0x0000000081c00000|100%| O|  |TAMS 0x0000000081c00000, 0x0000000081b00000| Untracked 
|  28|0x0000000081c00000, 0x0000000081d00000, 0x0000000081d00000|100%| O|  |TAMS 0x0000000081d00000, 0x0000000081c00000| Untracked 
|  29|0x0000000081d00000, 0x0000000081e00000, 0x0000000081e00000|100%| O|  |TAMS 0x0000000081e00000, 0x0000000081d00000| Untracked 
|  30|0x0000000081e00000, 0x0000000081f00000, 0x0000000081f00000|100%| O|  |TAMS 0x0000000081f00000, 0x0000000081e00000| Untracked 
|  31|0x0000000081f00000, 0x0000000082000000, 0x0000000082000000|100%| O|  |TAMS 0x0000000082000000, 0x0000000081f00000| Untracked 
|  32|0x0000000082000000, 0x0000000082100000, 0x0000000082100000|100%| O|  |TAMS 0x0000000082100000, 0x0000000082000000| Untracked 
|  33|0x0000000082100000, 0x0000000082200000, 0x0000000082200000|100%| O|  |TAMS 0x0000000082200000, 0x0000000082100000| Untracked 
|  34|0x0000000082200000, 0x0000000082300000, 0x0000000082300000|100%| O|  |TAMS 0x0000000082300000, 0x0000000082200000| Untracked 
|  35|0x0000000082300000, 0x0000000082400000, 0x0000000082400000|100%| O|  |TAMS 0x0000000082400000, 0x0000000082300000| Untracked 
|  36|0x0000000082400000, 0x0000000082500000, 0x0000000082500000|100%| O|  |TAMS 0x0000000082500000, 0x0000000082400000| Untracked 
|  37|0x0000000082500000, 0x0000000082600000, 0x0000000082600000|100%| O|  |TAMS 0x0000000082600000, 0x0000000082500000| Untracked 
|  38|0x0000000082600000, 0x0000000082700000, 0x0000000082700000|100%| O|  |TAMS 0x0000000082700000, 0x0000000082600000| Untracked 
|  39|0x0000000082700000, 0x0000000082800000, 0x0000000082800000|100%| O|  |TAMS 0x0000000082800000, 0x0000000082700000| Untracked 
|  40|0x0000000082800000, 0x0000000082900000, 0x0000000082900000|100%| O|  |TAMS 0x0000000082900000, 0x0000000082800000| Untracked 
|  41|0x0000000082900000, 0x0000000082a00000, 0x0000000082a00000|100%| O|  |TAMS 0x0000000082a00000, 0x0000000082900000| Untracked 
|  42|0x0000000082a00000, 0x0000000082b00000, 0x0000000082b00000|100%| O|  |TAMS 0x0000000082b00000, 0x0000000082a00000| Untracked 
|  43|0x0000000082b00000, 0x0000000082c00000, 0x0000000082c00000|100%| O|  |TAMS 0x0000000082c00000, 0x0000000082b00000| Untracked 
|  44|0x0000000082c00000, 0x0000000082d00000, 0x0000000082d00000|100%| O|  |TAMS 0x0000000082d00000, 0x0000000082c00000| Untracked 
|  45|0x0000000082d00000, 0x0000000082e00000, 0x0000000082e00000|100%| O|  |TAMS 0x0000000082e00000, 0x0000000082d00000| Untracked 
|  46|0x0000000082e00000, 0x0000000082f00000, 0x0000000082f00000|100%|HS|  |TAMS 0x0000000082f00000, 0x0000000082e00000| Complete 
|  47|0x0000000082f00000, 0x0000000083000000, 0x0000000083000000|100%|HC|  |TAMS 0x0000000083000000, 0x0000000082f00000| Complete 
|  48|0x0000000083000000, 0x0000000083100000, 0x0000000083100000|100%|HC|  |TAMS 0x0000000083100000, 0x0000000083000000| Complete 
|  49|0x0000000083100000, 0x0000000083200000, 0x0000000083200000|100%|HS|  |TAMS 0x0000000083200000, 0x0000000083100000| Complete 
|  50|0x0000000083200000, 0x0000000083300000, 0x0000000083300000|100%|HC|  |TAMS 0x0000000083300000, 0x0000000083200000| Complete 
|  51|0x0000000083300000, 0x0000000083400000, 0x0000000083400000|100%|HC|  |TAMS 0x0000000083400000, 0x0000000083300000| Complete 
|  52|0x0000000083400000, 0x0000000083500000, 0x0000000083500000|100%| O|  |TAMS 0x0000000083400000, 0x0000000083400000| Untracked 
|  53|0x0000000083500000, 0x0000000083600000, 0x0000000083600000|100%| O|  |TAMS 0x0000000083500000, 0x0000000083500000| Untracked 
|  54|0x0000000083600000, 0x0000000083700000, 0x0000000083700000|100%| O|  |TAMS 0x0000000083700000, 0x0000000083600000| Untracked 
|  55|0x0000000083700000, 0x0000000083800000, 0x0000000083800000|100%| O|  |TAMS 0x0000000083800000, 0x0000000083700000| Untracked 
|  56|0x0000000083800000, 0x0000000083900000, 0x0000000083900000|100%| O|  |TAMS 0x0000000083900000, 0x0000000083800000| Untracked 
|  57|0x0000000083900000, 0x00000000839ffff8, 0x0000000083a00000| 99%| O|  |TAMS 0x00000000839ffff8, 0x0000000083900000| Untracked 
|  58|0x0000000083a00000, 0x0000000083b00000, 0x0000000083b00000|100%| O|  |TAMS 0x0000000083b00000, 0x0000000083a00000| Untracked 
|  59|0x0000000083b00000, 0x0000000083c00000, 0x0000000083c00000|100%| O|  |TAMS 0x0000000083c00000, 0x0000000083b00000| Untracked 
|  60|0x0000000083c00000, 0x0000000083d00000, 0x0000000083d00000|100%| O|  |TAMS 0x0000000083d00000, 0x0000000083c00000| Untracked 
|  61|0x0000000083d00000, 0x0000000083e00000, 0x0000000083e00000|100%| O|  |TAMS 0x0000000083e00000, 0x0000000083d00000| Untracked 
|  62|0x0000000083e00000, 0x0000000083f00000, 0x0000000083f00000|100%| O|  |TAMS 0x0000000083f00000, 0x0000000083e00000| Untracked 
|  63|0x0000000083f00000, 0x0000000084000000, 0x0000000084000000|100%| O|  |TAMS 0x0000000084000000, 0x0000000083f00000| Untracked 
|  64|0x0000000084000000, 0x0000000084100000, 0x0000000084100000|100%| O|  |TAMS 0x0000000084100000, 0x0000000084000000| Untracked 
|  65|0x0000000084100000, 0x0000000084200000, 0x0000000084200000|100%| O|  |TAMS 0x0000000084200000, 0x0000000084100000| Untracked 
|  66|0x0000000084200000, 0x0000000084300000, 0x0000000084300000|100%| O|  |TAMS 0x0000000084300000, 0x0000000084200000| Untracked 
|  67|0x0000000084300000, 0x0000000084400000, 0x0000000084400000|100%| O|  |TAMS 0x0000000084400000, 0x0000000084300000| Untracked 
|  68|0x0000000084400000, 0x0000000084500000, 0x0000000084500000|100%| O|  |TAMS 0x0000000084500000, 0x0000000084400000| Untracked 
|  69|0x0000000084500000, 0x0000000084600000, 0x0000000084600000|100%| O|  |TAMS 0x0000000084600000, 0x0000000084500000| Untracked 
|  70|0x0000000084600000, 0x0000000084700000, 0x0000000084700000|100%| O|  |TAMS 0x0000000084700000, 0x0000000084600000| Untracked 
|  71|0x0000000084700000, 0x0000000084800000, 0x0000000084800000|100%| O|  |TAMS 0x0000000084800000, 0x0000000084700000| Untracked 
|  72|0x0000000084800000, 0x0000000084900000, 0x0000000084900000|100%| O|  |TAMS 0x0000000084900000, 0x0000000084800000| Untracked 
|  73|0x0000000084900000, 0x0000000084a00000, 0x0000000084a00000|100%| O|  |TAMS 0x0000000084a00000, 0x0000000084900000| Untracked 
|  74|0x0000000084a00000, 0x0000000084b00000, 0x0000000084b00000|100%| O|  |TAMS 0x0000000084b00000, 0x0000000084a00000| Untracked 
|  75|0x0000000084b00000, 0x0000000084c00000, 0x0000000084c00000|100%| O|  |TAMS 0x0000000084c00000, 0x0000000084b00000| Untracked 
|  76|0x0000000084c00000, 0x0000000084d00000, 0x0000000084d00000|100%| O|  |TAMS 0x0000000084d00000, 0x0000000084c00000| Untracked 
|  77|0x0000000084d00000, 0x0000000084e00000, 0x0000000084e00000|100%|HS|  |TAMS 0x0000000084e00000, 0x0000000084d00000| Complete 
|  78|0x0000000084e00000, 0x0000000084f00000, 0x0000000084f00000|100%|HS|  |TAMS 0x0000000084f00000, 0x0000000084e00000| Complete 
|  79|0x0000000084f00000, 0x0000000085000000, 0x0000000085000000|100%|HS|  |TAMS 0x0000000085000000, 0x0000000084f00000| Complete 
|  80|0x0000000085000000, 0x0000000085100000, 0x0000000085100000|100%|HS|  |TAMS 0x0000000085100000, 0x0000000085000000| Complete 
|  81|0x0000000085100000, 0x0000000085200000, 0x0000000085200000|100%| O|  |TAMS 0x0000000085200000, 0x0000000085100000| Untracked 
|  82|0x0000000085200000, 0x0000000085300000, 0x0000000085300000|100%|HS|  |TAMS 0x0000000085300000, 0x0000000085200000| Complete 
|  83|0x0000000085300000, 0x0000000085400000, 0x0000000085400000|100%|HS|  |TAMS 0x0000000085400000, 0x0000000085300000| Complete 
|  84|0x0000000085400000, 0x0000000085500000, 0x0000000085500000|100%| O|  |TAMS 0x0000000085500000, 0x0000000085400000| Untracked 
|  85|0x0000000085500000, 0x0000000085600000, 0x0000000085600000|100%| O|  |TAMS 0x0000000085500000, 0x0000000085500000| Untracked 
|  86|0x0000000085600000, 0x0000000085700000, 0x0000000085700000|100%| O|  |TAMS 0x0000000085700000, 0x0000000085600000| Untracked 
|  87|0x0000000085700000, 0x0000000085800000, 0x0000000085800000|100%|HS|  |TAMS 0x0000000085800000, 0x0000000085700000| Complete 
|  88|0x0000000085800000, 0x0000000085900000, 0x0000000085900000|100%| O|  |TAMS 0x0000000085900000, 0x0000000085800000| Untracked 
|  89|0x0000000085900000, 0x0000000085a00000, 0x0000000085a00000|100%| O|  |TAMS 0x0000000085a00000, 0x0000000085900000| Untracked 
|  90|0x0000000085a00000, 0x0000000085b00000, 0x0000000085b00000|100%| O|  |TAMS 0x0000000085b00000, 0x0000000085a00000| Untracked 
|  91|0x0000000085b00000, 0x0000000085c00000, 0x0000000085c00000|100%| O|  |TAMS 0x0000000085c00000, 0x0000000085b00000| Untracked 
|  92|0x0000000085c00000, 0x0000000085d00000, 0x0000000085d00000|100%| O|  |TAMS 0x0000000085d00000, 0x0000000085c00000| Untracked 
|  93|0x0000000085d00000, 0x0000000085e00000, 0x0000000085e00000|100%| O|  |TAMS 0x0000000085e00000, 0x0000000085d00000| Untracked 
|  94|0x0000000085e00000, 0x0000000085f00000, 0x0000000085f00000|100%| O|  |TAMS 0x0000000085f00000, 0x0000000085e00000| Untracked 
|  95|0x0000000085f00000, 0x0000000086000000, 0x0000000086000000|100%| O|  |TAMS 0x0000000086000000, 0x0000000085f00000| Untracked 
|  96|0x0000000086000000, 0x0000000086100000, 0x0000000086100000|100%| O|  |TAMS 0x0000000086100000, 0x0000000086000000| Untracked 
|  97|0x0000000086100000, 0x0000000086200000, 0x0000000086200000|100%| O|  |TAMS 0x0000000086200000, 0x0000000086100000| Untracked 
|  98|0x0000000086200000, 0x0000000086300000, 0x0000000086300000|100%| O|  |TAMS 0x0000000086300000, 0x0000000086200000| Untracked 
|  99|0x0000000086300000, 0x0000000086400000, 0x0000000086400000|100%| O|  |TAMS 0x0000000086400000, 0x0000000086300000| Untracked 
| 100|0x0000000086400000, 0x0000000086500000, 0x0000000086500000|100%| O|  |TAMS 0x0000000086500000, 0x0000000086400000| Untracked 
| 101|0x0000000086500000, 0x0000000086600000, 0x0000000086600000|100%|HS|  |TAMS 0x0000000086600000, 0x0000000086500000| Complete 
| 102|0x0000000086600000, 0x0000000086700000, 0x0000000086700000|100%|HC|  |TAMS 0x0000000086700000, 0x0000000086600000| Complete 
| 103|0x0000000086700000, 0x0000000086800000, 0x0000000086800000|100%|HC|  |TAMS 0x0000000086800000, 0x0000000086700000| Complete 
| 104|0x0000000086800000, 0x0000000086900000, 0x0000000086900000|100%| O|  |TAMS 0x0000000086900000, 0x0000000086800000| Untracked 
| 105|0x0000000086900000, 0x0000000086a00000, 0x0000000086a00000|100%| O|  |TAMS 0x0000000086a00000, 0x0000000086900000| Untracked 
| 106|0x0000000086a00000, 0x0000000086b00000, 0x0000000086b00000|100%| O|  |TAMS 0x0000000086b00000, 0x0000000086a00000| Untracked 
| 107|0x0000000086b00000, 0x0000000086c00000, 0x0000000086c00000|100%| O|  |TAMS 0x0000000086c00000, 0x0000000086b00000| Untracked 
| 108|0x0000000086c00000, 0x0000000086d00000, 0x0000000086d00000|100%| O|  |TAMS 0x0000000086d00000, 0x0000000086c00000| Untracked 
| 109|0x0000000086d00000, 0x0000000086e00000, 0x0000000086e00000|100%| O|  |TAMS 0x0000000086e00000, 0x0000000086d00000| Untracked 
| 110|0x0000000086e00000, 0x0000000086f00000, 0x0000000086f00000|100%| O|  |TAMS 0x0000000086f00000, 0x0000000086e00000| Untracked 
| 111|0x0000000086f00000, 0x0000000087000000, 0x0000000087000000|100%| O|  |TAMS 0x0000000087000000, 0x0000000086f00000| Untracked 
| 112|0x0000000087000000, 0x0000000087100000, 0x0000000087100000|100%| O|  |TAMS 0x0000000087100000, 0x0000000087000000| Untracked 
| 113|0x0000000087100000, 0x0000000087200000, 0x0000000087200000|100%| O|  |TAMS 0x0000000087200000, 0x0000000087100000| Untracked 
| 114|0x0000000087200000, 0x0000000087300000, 0x0000000087300000|100%| O|  |TAMS 0x0000000087300000, 0x0000000087200000| Untracked 
| 115|0x0000000087300000, 0x0000000087400000, 0x0000000087400000|100%| O|  |TAMS 0x0000000087400000, 0x0000000087300000| Untracked 
| 116|0x0000000087400000, 0x0000000087500000, 0x0000000087500000|100%| O|  |TAMS 0x0000000087500000, 0x0000000087400000| Untracked 
| 117|0x0000000087500000, 0x0000000087600000, 0x0000000087600000|100%| O|  |TAMS 0x0000000087600000, 0x0000000087500000| Untracked 
| 118|0x0000000087600000, 0x0000000087700000, 0x0000000087700000|100%| O|  |TAMS 0x0000000087700000, 0x0000000087600000| Untracked 
| 119|0x0000000087700000, 0x0000000087800000, 0x0000000087800000|100%| O|  |TAMS 0x0000000087800000, 0x0000000087700000| Untracked 
| 120|0x0000000087800000, 0x0000000087900000, 0x0000000087900000|100%| O|  |TAMS 0x0000000087900000, 0x0000000087800000| Untracked 
| 121|0x0000000087900000, 0x0000000087a00000, 0x0000000087a00000|100%| O|  |TAMS 0x0000000087a00000, 0x0000000087900000| Untracked 
| 122|0x0000000087a00000, 0x0000000087b00000, 0x0000000087b00000|100%| O|  |TAMS 0x0000000087b00000, 0x0000000087a00000| Untracked 
| 123|0x0000000087b00000, 0x0000000087c00000, 0x0000000087c00000|100%| O|  |TAMS 0x0000000087c00000, 0x0000000087b00000| Untracked 
| 124|0x0000000087c00000, 0x0000000087d00000, 0x0000000087d00000|100%| O|  |TAMS 0x0000000087c00000, 0x0000000087c00000| Untracked 
| 125|0x0000000087d00000, 0x0000000087e00000, 0x0000000087e00000|100%| O|  |TAMS 0x0000000087e00000, 0x0000000087d00000| Untracked 
| 126|0x0000000087e00000, 0x0000000087f00000, 0x0000000087f00000|100%| O|  |TAMS 0x0000000087f00000, 0x0000000087e00000| Untracked 
| 127|0x0000000087f00000, 0x0000000088000000, 0x0000000088000000|100%| O|  |TAMS 0x0000000088000000, 0x0000000087f00000| Untracked 
| 128|0x0000000088000000, 0x0000000088100000, 0x0000000088100000|100%| O|  |TAMS 0x0000000088100000, 0x0000000088000000| Untracked 
| 129|0x0000000088100000, 0x0000000088200000, 0x0000000088200000|100%| O|  |TAMS 0x0000000088200000, 0x0000000088100000| Untracked 
| 130|0x0000000088200000, 0x0000000088300000, 0x0000000088300000|100%| O|  |TAMS 0x0000000088300000, 0x0000000088200000| Untracked 
| 131|0x0000000088300000, 0x0000000088400000, 0x0000000088400000|100%| O|  |TAMS 0x0000000088400000, 0x0000000088300000| Untracked 
| 132|0x0000000088400000, 0x0000000088500000, 0x0000000088500000|100%| O|  |TAMS 0x0000000088500000, 0x0000000088400000| Untracked 
| 133|0x0000000088500000, 0x0000000088600000, 0x0000000088600000|100%| O|  |TAMS 0x0000000088600000, 0x0000000088500000| Untracked 
| 134|0x0000000088600000, 0x0000000088700000, 0x0000000088700000|100%| O|  |TAMS 0x0000000088700000, 0x0000000088600000| Untracked 
| 135|0x0000000088700000, 0x0000000088800000, 0x0000000088800000|100%| O|  |TAMS 0x0000000088800000, 0x0000000088700000| Untracked 
| 136|0x0000000088800000, 0x0000000088900000, 0x0000000088900000|100%| O|  |TAMS 0x0000000088900000, 0x0000000088800000| Untracked 
| 137|0x0000000088900000, 0x0000000088a00000, 0x0000000088a00000|100%| O|  |TAMS 0x0000000088a00000, 0x0000000088900000| Untracked 
| 138|0x0000000088a00000, 0x0000000088b00000, 0x0000000088b00000|100%| O|  |TAMS 0x0000000088b00000, 0x0000000088a00000| Untracked 
| 139|0x0000000088b00000, 0x0000000088c00000, 0x0000000088c00000|100%| O|  |TAMS 0x0000000088c00000, 0x0000000088b00000| Untracked 
| 140|0x0000000088c00000, 0x0000000088d00000, 0x0000000088d00000|100%| O|  |TAMS 0x0000000088d00000, 0x0000000088c00000| Untracked 
| 141|0x0000000088d00000, 0x0000000088e00000, 0x0000000088e00000|100%| O|  |TAMS 0x0000000088e00000, 0x0000000088d00000| Untracked 
| 142|0x0000000088e00000, 0x0000000088f00000, 0x0000000088f00000|100%| O|  |TAMS 0x0000000088f00000, 0x0000000088e00000| Untracked 
| 143|0x0000000088f00000, 0x0000000089000000, 0x0000000089000000|100%| O|  |TAMS 0x0000000089000000, 0x0000000088f00000| Untracked 
| 144|0x0000000089000000, 0x0000000089100000, 0x0000000089100000|100%| O|  |TAMS 0x0000000089100000, 0x0000000089000000| Untracked 
| 145|0x0000000089100000, 0x0000000089200000, 0x0000000089200000|100%|HS|  |TAMS 0x0000000089200000, 0x0000000089100000| Complete 
| 146|0x0000000089200000, 0x0000000089300000, 0x0000000089300000|100%|HS|  |TAMS 0x0000000089300000, 0x0000000089200000| Complete 
| 147|0x0000000089300000, 0x0000000089400000, 0x0000000089400000|100%|HS|  |TAMS 0x0000000089400000, 0x0000000089300000| Complete 
| 148|0x0000000089400000, 0x0000000089500000, 0x0000000089500000|100%| O|  |TAMS 0x0000000089500000, 0x0000000089400000| Untracked 
| 149|0x0000000089500000, 0x0000000089600000, 0x0000000089600000|100%| O|  |TAMS 0x0000000089600000, 0x0000000089500000| Untracked 
| 150|0x0000000089600000, 0x0000000089700000, 0x0000000089700000|100%| O|  |TAMS 0x0000000089600000, 0x0000000089600000| Untracked 
| 151|0x0000000089700000, 0x0000000089800000, 0x0000000089800000|100%| O|  |TAMS 0x0000000089800000, 0x0000000089700000| Untracked 
| 152|0x0000000089800000, 0x0000000089900000, 0x0000000089900000|100%| O|  |TAMS 0x0000000089900000, 0x0000000089800000| Untracked 
| 153|0x0000000089900000, 0x0000000089a00000, 0x0000000089a00000|100%| O|  |TAMS 0x0000000089a00000, 0x0000000089900000| Untracked 
| 154|0x0000000089a00000, 0x0000000089b00000, 0x0000000089b00000|100%| O|  |TAMS 0x0000000089b00000, 0x0000000089a00000| Untracked 
| 155|0x0000000089b00000, 0x0000000089c00000, 0x0000000089c00000|100%| O|  |TAMS 0x0000000089c00000, 0x0000000089b00000| Untracked 
| 156|0x0000000089c00000, 0x0000000089d00000, 0x0000000089d00000|100%| O|  |TAMS 0x0000000089d00000, 0x0000000089c00000| Untracked 
| 157|0x0000000089d00000, 0x0000000089e00000, 0x0000000089e00000|100%| O|  |TAMS 0x0000000089e00000, 0x0000000089d00000| Untracked 
| 158|0x0000000089e00000, 0x0000000089f00000, 0x0000000089f00000|100%| O|  |TAMS 0x0000000089f00000, 0x0000000089e00000| Untracked 
| 159|0x0000000089f00000, 0x000000008a000000, 0x000000008a000000|100%| O|  |TAMS 0x000000008a000000, 0x0000000089f00000| Untracked 
| 160|0x000000008a000000, 0x000000008a100000, 0x000000008a100000|100%| O|  |TAMS 0x000000008a100000, 0x000000008a000000| Untracked 
| 161|0x000000008a100000, 0x000000008a200000, 0x000000008a200000|100%| O|  |TAMS 0x000000008a200000, 0x000000008a100000| Untracked 
| 162|0x000000008a200000, 0x000000008a300000, 0x000000008a300000|100%| O|  |TAMS 0x000000008a300000, 0x000000008a200000| Untracked 
| 163|0x000000008a300000, 0x000000008a400000, 0x000000008a400000|100%|HS|  |TAMS 0x000000008a400000, 0x000000008a300000| Complete 
| 164|0x000000008a400000, 0x000000008a500000, 0x000000008a500000|100%|HS|  |TAMS 0x000000008a500000, 0x000000008a400000| Complete 
| 165|0x000000008a500000, 0x000000008a600000, 0x000000008a600000|100%|HS|  |TAMS 0x000000008a600000, 0x000000008a500000| Complete 
| 166|0x000000008a600000, 0x000000008a700000, 0x000000008a700000|100%| O|  |TAMS 0x000000008a600000, 0x000000008a600000| Untracked 
| 167|0x000000008a700000, 0x000000008a800000, 0x000000008a800000|100%| O|  |TAMS 0x000000008a700000, 0x000000008a700000| Untracked 
| 168|0x000000008a800000, 0x000000008a900000, 0x000000008a900000|100%| O|  |TAMS 0x000000008a800000, 0x000000008a800000| Untracked 
| 169|0x000000008a900000, 0x000000008aa00000, 0x000000008aa00000|100%| O|  |TAMS 0x000000008a900000, 0x000000008a900000| Untracked 
| 170|0x000000008aa00000, 0x000000008ab00000, 0x000000008ab00000|100%| O|  |TAMS 0x000000008aa00000, 0x000000008aa00000| Untracked 
| 171|0x000000008ab00000, 0x000000008ac00000, 0x000000008ac00000|100%| O|  |TAMS 0x000000008ab00000, 0x000000008ab00000| Untracked 
| 172|0x000000008ac00000, 0x000000008ad00000, 0x000000008ad00000|100%| O|  |TAMS 0x000000008ac00000, 0x000000008ac00000| Untracked 
| 173|0x000000008ad00000, 0x000000008ae00000, 0x000000008ae00000|100%| O|  |TAMS 0x000000008ad00000, 0x000000008ad00000| Untracked 
| 174|0x000000008ae00000, 0x000000008af00000, 0x000000008af00000|100%| O|  |TAMS 0x000000008ae00000, 0x000000008ae00000| Untracked 
| 175|0x000000008af00000, 0x000000008b000000, 0x000000008b000000|100%| O|  |TAMS 0x000000008af00000, 0x000000008af00000| Untracked 
| 176|0x000000008b000000, 0x000000008b100000, 0x000000008b100000|100%| O|  |TAMS 0x000000008b000000, 0x000000008b000000| Untracked 
| 177|0x000000008b100000, 0x000000008b200000, 0x000000008b200000|100%| O|  |TAMS 0x000000008b100000, 0x000000008b100000| Untracked 
| 178|0x000000008b200000, 0x000000008b300000, 0x000000008b300000|100%| O|  |TAMS 0x000000008b200000, 0x000000008b200000| Untracked 
| 179|0x000000008b300000, 0x000000008b400000, 0x000000008b400000|100%| O|  |TAMS 0x000000008b300000, 0x000000008b300000| Untracked 
| 180|0x000000008b400000, 0x000000008b500000, 0x000000008b500000|100%| O|  |TAMS 0x000000008b400000, 0x000000008b400000| Untracked 
| 181|0x000000008b500000, 0x000000008b600000, 0x000000008b600000|100%| O|  |TAMS 0x000000008b500000, 0x000000008b500000| Untracked 
| 182|0x000000008b600000, 0x000000008b700000, 0x000000008b700000|100%| O|  |TAMS 0x000000008b600000, 0x000000008b600000| Untracked 
| 183|0x000000008b700000, 0x000000008b800000, 0x000000008b800000|100%| O|  |TAMS 0x000000008b700000, 0x000000008b700000| Untracked 
| 184|0x000000008b800000, 0x000000008b900000, 0x000000008b900000|100%| O|  |TAMS 0x000000008b800000, 0x000000008b800000| Untracked 
| 185|0x000000008b900000, 0x000000008ba00000, 0x000000008ba00000|100%| O|  |TAMS 0x000000008b900000, 0x000000008b900000| Untracked 
| 186|0x000000008ba00000, 0x000000008bb00000, 0x000000008bb00000|100%| O|  |TAMS 0x000000008ba00000, 0x000000008ba00000| Untracked 
| 187|0x000000008bb00000, 0x000000008bc00000, 0x000000008bc00000|100%| O|  |TAMS 0x000000008bb00000, 0x000000008bb00000| Untracked 
| 188|0x000000008bc00000, 0x000000008bd00000, 0x000000008bd00000|100%| O|  |TAMS 0x000000008bc00000, 0x000000008bc00000| Untracked 
| 189|0x000000008bd00000, 0x000000008be00000, 0x000000008be00000|100%| O|  |TAMS 0x000000008bd00000, 0x000000008bd00000| Untracked 
| 190|0x000000008be00000, 0x000000008bf00000, 0x000000008bf00000|100%| O|  |TAMS 0x000000008be00000, 0x000000008be00000| Untracked 
| 191|0x000000008bf00000, 0x000000008c000000, 0x000000008c000000|100%| O|  |TAMS 0x000000008bf00000, 0x000000008bf00000| Untracked 
| 192|0x000000008c000000, 0x000000008c100000, 0x000000008c100000|100%| O|  |TAMS 0x000000008c000000, 0x000000008c000000| Untracked 
| 193|0x000000008c100000, 0x000000008c200000, 0x000000008c200000|100%| O|  |TAMS 0x000000008c100000, 0x000000008c100000| Untracked 
| 194|0x000000008c200000, 0x000000008c300000, 0x000000008c300000|100%| O|  |TAMS 0x000000008c200000, 0x000000008c200000| Untracked 
| 195|0x000000008c300000, 0x000000008c400000, 0x000000008c400000|100%| O|  |TAMS 0x000000008c300000, 0x000000008c300000| Untracked 
| 196|0x000000008c400000, 0x000000008c500000, 0x000000008c500000|100%| O|  |TAMS 0x000000008c400000, 0x000000008c400000| Untracked 
| 197|0x000000008c500000, 0x000000008c600000, 0x000000008c600000|100%| O|  |TAMS 0x000000008c500000, 0x000000008c500000| Untracked 
| 198|0x000000008c600000, 0x000000008c700000, 0x000000008c700000|100%| O|  |TAMS 0x000000008c600000, 0x000000008c600000| Untracked 
| 199|0x000000008c700000, 0x000000008c800000, 0x000000008c800000|100%| O|  |TAMS 0x000000008c700000, 0x000000008c700000| Untracked 
| 200|0x000000008c800000, 0x000000008c900000, 0x000000008c900000|100%| O|  |TAMS 0x000000008c800000, 0x000000008c800000| Untracked 
| 201|0x000000008c900000, 0x000000008ca00000, 0x000000008ca00000|100%|HS|  |TAMS 0x000000008c900000, 0x000000008c900000| Complete 
| 202|0x000000008ca00000, 0x000000008cb00000, 0x000000008cb00000|100%|HS|  |TAMS 0x000000008ca00000, 0x000000008ca00000| Complete 
| 203|0x000000008cb00000, 0x000000008cc00000, 0x000000008cc00000|100%| O|  |TAMS 0x000000008cb00000, 0x000000008cb00000| Untracked 
| 204|0x000000008cc00000, 0x000000008cd00000, 0x000000008cd00000|100%|HS|  |TAMS 0x000000008cc00000, 0x000000008cc00000| Complete 
| 205|0x000000008cd00000, 0x000000008ce00000, 0x000000008ce00000|100%|HC|  |TAMS 0x000000008cd00000, 0x000000008cd00000| Complete 
| 206|0x000000008ce00000, 0x000000008cf00000, 0x000000008cf00000|100%| O|  |TAMS 0x000000008ce00000, 0x000000008ce00000| Untracked 
| 207|0x000000008cf00000, 0x000000008d000000, 0x000000008d000000|100%| O|  |TAMS 0x000000008cf00000, 0x000000008cf00000| Untracked 
| 208|0x000000008d000000, 0x000000008d100000, 0x000000008d100000|100%| O|  |TAMS 0x000000008d000000, 0x000000008d000000| Untracked 
| 209|0x000000008d100000, 0x000000008d200000, 0x000000008d200000|100%| O|  |TAMS 0x000000008d100000, 0x000000008d100000| Untracked 
| 210|0x000000008d200000, 0x000000008d300000, 0x000000008d300000|100%| O|  |TAMS 0x000000008d200000, 0x000000008d200000| Untracked 
| 211|0x000000008d300000, 0x000000008d400000, 0x000000008d400000|100%| O|  |TAMS 0x000000008d300000, 0x000000008d300000| Untracked 
| 212|0x000000008d400000, 0x000000008d500000, 0x000000008d500000|100%| O|  |TAMS 0x000000008d400000, 0x000000008d400000| Untracked 
| 213|0x000000008d500000, 0x000000008d600000, 0x000000008d600000|100%| O|  |TAMS 0x000000008d500000, 0x000000008d500000| Untracked 
| 214|0x000000008d600000, 0x000000008d700000, 0x000000008d700000|100%| O|  |TAMS 0x000000008d600000, 0x000000008d600000| Untracked 
| 215|0x000000008d700000, 0x000000008d800000, 0x000000008d800000|100%| O|  |TAMS 0x000000008d700000, 0x000000008d700000| Untracked 
| 216|0x000000008d800000, 0x000000008d900000, 0x000000008d900000|100%| O|  |TAMS 0x000000008d800000, 0x000000008d800000| Untracked 
| 217|0x000000008d900000, 0x000000008da00000, 0x000000008da00000|100%| O|  |TAMS 0x000000008d900000, 0x000000008d900000| Untracked 
| 218|0x000000008da00000, 0x000000008db00000, 0x000000008db00000|100%| O|  |TAMS 0x000000008da00000, 0x000000008da00000| Untracked 
| 219|0x000000008db00000, 0x000000008dc00000, 0x000000008dc00000|100%| O|  |TAMS 0x000000008db00000, 0x000000008db00000| Untracked 
| 220|0x000000008dc00000, 0x000000008dd00000, 0x000000008dd00000|100%| O|  |TAMS 0x000000008dc00000, 0x000000008dc00000| Untracked 
| 221|0x000000008dd00000, 0x000000008de00000, 0x000000008de00000|100%| O|  |TAMS 0x000000008dd00000, 0x000000008dd00000| Untracked 
| 222|0x000000008de00000, 0x000000008df00000, 0x000000008df00000|100%| O|  |TAMS 0x000000008de00000, 0x000000008de00000| Untracked 
| 223|0x000000008df00000, 0x000000008e000000, 0x000000008e000000|100%| O|  |TAMS 0x000000008df00000, 0x000000008df00000| Untracked 
| 224|0x000000008e000000, 0x000000008e100000, 0x000000008e100000|100%| O|  |TAMS 0x000000008e000000, 0x000000008e000000| Untracked 
| 225|0x000000008e100000, 0x000000008e200000, 0x000000008e200000|100%|HS|  |TAMS 0x000000008e100000, 0x000000008e100000| Complete 
| 226|0x000000008e200000, 0x000000008e300000, 0x000000008e300000|100%|HS|  |TAMS 0x000000008e200000, 0x000000008e200000| Complete 
| 227|0x000000008e300000, 0x000000008e400000, 0x000000008e400000|100%| O|  |TAMS 0x000000008e300000, 0x000000008e300000| Untracked 
| 228|0x000000008e400000, 0x000000008e500000, 0x000000008e500000|100%| O|  |TAMS 0x000000008e400000, 0x000000008e400000| Untracked 
| 229|0x000000008e500000, 0x000000008e600000, 0x000000008e600000|100%| O|  |TAMS 0x000000008e500000, 0x000000008e500000| Untracked 
| 230|0x000000008e600000, 0x000000008e700000, 0x000000008e700000|100%| O|  |TAMS 0x000000008e600000, 0x000000008e600000| Untracked 
| 231|0x000000008e700000, 0x000000008e800000, 0x000000008e800000|100%| O|  |TAMS 0x000000008e700000, 0x000000008e700000| Untracked 
| 232|0x000000008e800000, 0x000000008e900000, 0x000000008e900000|100%| O|  |TAMS 0x000000008e800000, 0x000000008e800000| Untracked 
| 233|0x000000008e900000, 0x000000008ea00000, 0x000000008ea00000|100%| O|  |TAMS 0x000000008e900000, 0x000000008e900000| Untracked 
| 234|0x000000008ea00000, 0x000000008eb00000, 0x000000008eb00000|100%| O|  |TAMS 0x000000008ea00000, 0x000000008ea00000| Untracked 
| 235|0x000000008eb00000, 0x000000008ec00000, 0x000000008ec00000|100%| O|  |TAMS 0x000000008eb00000, 0x000000008eb00000| Untracked 
| 236|0x000000008ec00000, 0x000000008ed00000, 0x000000008ed00000|100%| O|  |TAMS 0x000000008ec00000, 0x000000008ec00000| Untracked 
| 237|0x000000008ed00000, 0x000000008ee00000, 0x000000008ee00000|100%| O|  |TAMS 0x000000008ed00000, 0x000000008ed00000| Untracked 
| 238|0x000000008ee00000, 0x000000008ef00000, 0x000000008ef00000|100%| O|  |TAMS 0x000000008ee00000, 0x000000008ee00000| Untracked 
| 239|0x000000008ef00000, 0x000000008f000000, 0x000000008f000000|100%| O|  |TAMS 0x000000008ef00000, 0x000000008ef00000| Untracked 
| 240|0x000000008f000000, 0x000000008f100000, 0x000000008f100000|100%| O|  |TAMS 0x000000008f000000, 0x000000008f000000| Untracked 
| 241|0x000000008f100000, 0x000000008f200000, 0x000000008f200000|100%| O|  |TAMS 0x000000008f100000, 0x000000008f100000| Untracked 
| 242|0x000000008f200000, 0x000000008f300000, 0x000000008f300000|100%| O|  |TAMS 0x000000008f200000, 0x000000008f200000| Untracked 
| 243|0x000000008f300000, 0x000000008f400000, 0x000000008f400000|100%| O|  |TAMS 0x000000008f300000, 0x000000008f300000| Untracked 
| 244|0x000000008f400000, 0x000000008f500000, 0x000000008f500000|100%| O|  |TAMS 0x000000008f400000, 0x000000008f400000| Untracked 
| 245|0x000000008f500000, 0x000000008f600000, 0x000000008f600000|100%| O|  |TAMS 0x000000008f500000, 0x000000008f500000| Untracked 
| 246|0x000000008f600000, 0x000000008f700000, 0x000000008f700000|100%| O|  |TAMS 0x000000008f600000, 0x000000008f600000| Untracked 
| 247|0x000000008f700000, 0x000000008f800000, 0x000000008f800000|100%| O|  |TAMS 0x000000008f700000, 0x000000008f700000| Untracked 
| 248|0x000000008f800000, 0x000000008f900000, 0x000000008f900000|100%| O|  |TAMS 0x000000008f800000, 0x000000008f800000| Untracked 
| 249|0x000000008f900000, 0x000000008fa00000, 0x000000008fa00000|100%| O|  |TAMS 0x000000008f900000, 0x000000008f900000| Untracked 
| 250|0x000000008fa00000, 0x000000008fb00000, 0x000000008fb00000|100%| O|  |TAMS 0x000000008fa00000, 0x000000008fa00000| Untracked 
| 251|0x000000008fb00000, 0x000000008fc00000, 0x000000008fc00000|100%| O|  |TAMS 0x000000008fb00000, 0x000000008fb00000| Untracked 
| 252|0x000000008fc00000, 0x000000008fd00000, 0x000000008fd00000|100%| O|  |TAMS 0x000000008fc00000, 0x000000008fc00000| Untracked 
| 253|0x000000008fd00000, 0x000000008fe00000, 0x000000008fe00000|100%| O|  |TAMS 0x000000008fd00000, 0x000000008fd00000| Untracked 
| 254|0x000000008fe00000, 0x000000008ff00000, 0x000000008ff00000|100%| O|  |TAMS 0x000000008fe00000, 0x000000008fe00000| Untracked 
| 255|0x000000008ff00000, 0x0000000090000000, 0x0000000090000000|100%| O|  |TAMS 0x000000008ff00000, 0x000000008ff00000| Untracked 
| 256|0x0000000090000000, 0x0000000090100000, 0x0000000090100000|100%| O|  |TAMS 0x0000000090000000, 0x0000000090000000| Untracked 
| 257|0x0000000090100000, 0x0000000090200000, 0x0000000090200000|100%| O|  |TAMS 0x0000000090100000, 0x0000000090100000| Untracked 
| 258|0x0000000090200000, 0x0000000090300000, 0x0000000090300000|100%| O|  |TAMS 0x0000000090200000, 0x0000000090200000| Untracked 
| 259|0x0000000090300000, 0x0000000090400000, 0x0000000090400000|100%| O|  |TAMS 0x0000000090300000, 0x0000000090300000| Untracked 
| 260|0x0000000090400000, 0x0000000090500000, 0x0000000090500000|100%| O|  |TAMS 0x0000000090400000, 0x0000000090400000| Untracked 
| 261|0x0000000090500000, 0x0000000090600000, 0x0000000090600000|100%| O|  |TAMS 0x0000000090500000, 0x0000000090500000| Untracked 
| 262|0x0000000090600000, 0x0000000090700000, 0x0000000090700000|100%| O|  |TAMS 0x0000000090600000, 0x0000000090600000| Untracked 
| 263|0x0000000090700000, 0x0000000090800000, 0x0000000090800000|100%| O|  |TAMS 0x0000000090700000, 0x0000000090700000| Untracked 
| 264|0x0000000090800000, 0x0000000090900000, 0x0000000090900000|100%| O|  |TAMS 0x0000000090800000, 0x0000000090800000| Untracked 
| 265|0x0000000090900000, 0x0000000090a00000, 0x0000000090a00000|100%| O|  |TAMS 0x0000000090900000, 0x0000000090900000| Untracked 
| 266|0x0000000090a00000, 0x0000000090b00000, 0x0000000090b00000|100%| O|  |TAMS 0x0000000090a00000, 0x0000000090a00000| Untracked 
| 267|0x0000000090b00000, 0x0000000090c00000, 0x0000000090c00000|100%| O|  |TAMS 0x0000000090b00000, 0x0000000090b00000| Untracked 
| 268|0x0000000090c00000, 0x0000000090d00000, 0x0000000090d00000|100%| O|  |TAMS 0x0000000090c00000, 0x0000000090c00000| Untracked 
| 269|0x0000000090d00000, 0x0000000090e00000, 0x0000000090e00000|100%| O|  |TAMS 0x0000000090d00000, 0x0000000090d00000| Untracked 
| 270|0x0000000090e00000, 0x0000000090f00000, 0x0000000090f00000|100%| O|  |TAMS 0x0000000090e00000, 0x0000000090e00000| Untracked 
| 271|0x0000000090f00000, 0x0000000091000000, 0x0000000091000000|100%| O|  |TAMS 0x0000000090f00000, 0x0000000090f00000| Untracked 
| 272|0x0000000091000000, 0x0000000091100000, 0x0000000091100000|100%| O|  |TAMS 0x0000000091000000, 0x0000000091000000| Untracked 
| 273|0x0000000091100000, 0x0000000091200000, 0x0000000091200000|100%| O|  |TAMS 0x0000000091100000, 0x0000000091100000| Untracked 
| 274|0x0000000091200000, 0x0000000091300000, 0x0000000091300000|100%| O|  |TAMS 0x0000000091200000, 0x0000000091200000| Untracked 
| 275|0x0000000091300000, 0x0000000091400000, 0x0000000091400000|100%| O|  |TAMS 0x0000000091300000, 0x0000000091300000| Untracked 
| 276|0x0000000091400000, 0x0000000091500000, 0x0000000091500000|100%| O|  |TAMS 0x0000000091400000, 0x0000000091400000| Untracked 
| 277|0x0000000091500000, 0x0000000091600000, 0x0000000091600000|100%| O|  |TAMS 0x0000000091500000, 0x0000000091500000| Untracked 
| 278|0x0000000091600000, 0x0000000091700000, 0x0000000091700000|100%| O|  |TAMS 0x0000000091600000, 0x0000000091600000| Untracked 
| 279|0x0000000091700000, 0x0000000091800000, 0x0000000091800000|100%| O|  |TAMS 0x0000000091700000, 0x0000000091700000| Untracked 
| 280|0x0000000091800000, 0x0000000091900000, 0x0000000091900000|100%| O|  |TAMS 0x0000000091800000, 0x0000000091800000| Untracked 
| 281|0x0000000091900000, 0x0000000091a00000, 0x0000000091a00000|100%| O|  |TAMS 0x0000000091900000, 0x0000000091900000| Untracked 
| 282|0x0000000091a00000, 0x0000000091b00000, 0x0000000091b00000|100%| O|  |TAMS 0x0000000091a00000, 0x0000000091a00000| Untracked 
| 283|0x0000000091b00000, 0x0000000091c00000, 0x0000000091c00000|100%| O|  |TAMS 0x0000000091b00000, 0x0000000091b00000| Untracked 
| 284|0x0000000091c00000, 0x0000000091d00000, 0x0000000091d00000|100%| O|  |TAMS 0x0000000091c00000, 0x0000000091c00000| Untracked 
| 285|0x0000000091d00000, 0x0000000091e00000, 0x0000000091e00000|100%| O|  |TAMS 0x0000000091d00000, 0x0000000091d00000| Untracked 
| 286|0x0000000091e00000, 0x0000000091f00000, 0x0000000091f00000|100%| O|  |TAMS 0x0000000091e00000, 0x0000000091e00000| Untracked 
| 287|0x0000000091f00000, 0x0000000092000000, 0x0000000092000000|100%| O|  |TAMS 0x0000000091f00000, 0x0000000091f00000| Untracked 
| 288|0x0000000092000000, 0x0000000092100000, 0x0000000092100000|100%| O|  |TAMS 0x0000000092000000, 0x0000000092000000| Untracked 
| 289|0x0000000092100000, 0x0000000092200000, 0x0000000092200000|100%| O|  |TAMS 0x0000000092100000, 0x0000000092100000| Untracked 
| 290|0x0000000092200000, 0x0000000092300000, 0x0000000092300000|100%| O|  |TAMS 0x0000000092200000, 0x0000000092200000| Untracked 
| 291|0x0000000092300000, 0x0000000092400000, 0x0000000092400000|100%| O|  |TAMS 0x0000000092300000, 0x0000000092300000| Untracked 
| 292|0x0000000092400000, 0x0000000092500000, 0x0000000092500000|100%| O|  |TAMS 0x0000000092400000, 0x0000000092400000| Untracked 
| 293|0x0000000092500000, 0x00000000925b3600, 0x0000000092600000| 70%| O|  |TAMS 0x0000000092500000, 0x0000000092500000| Untracked 
| 294|0x0000000092600000, 0x0000000092600000, 0x0000000092700000|  0%| F|  |TAMS 0x0000000092600000, 0x0000000092600000| Untracked 
| 295|0x0000000092700000, 0x0000000092700000, 0x0000000092800000|  0%| F|  |TAMS 0x0000000092700000, 0x0000000092700000| Untracked 
| 296|0x0000000092800000, 0x0000000092800000, 0x0000000092900000|  0%| F|  |TAMS 0x0000000092800000, 0x0000000092800000| Untracked 
| 297|0x0000000092900000, 0x0000000092900000, 0x0000000092a00000|  0%| F|  |TAMS 0x0000000092900000, 0x0000000092900000| Untracked 
| 298|0x0000000092a00000, 0x0000000092a00000, 0x0000000092b00000|  0%| F|  |TAMS 0x0000000092a00000, 0x0000000092a00000| Untracked 
| 299|0x0000000092b00000, 0x0000000092b00000, 0x0000000092c00000|  0%| F|  |TAMS 0x0000000092b00000, 0x0000000092b00000| Untracked 
| 300|0x0000000092c00000, 0x0000000092c00000, 0x0000000092d00000|  0%| F|  |TAMS 0x0000000092c00000, 0x0000000092c00000| Untracked 
| 301|0x0000000092d00000, 0x0000000092d00000, 0x0000000092e00000|  0%| F|  |TAMS 0x0000000092d00000, 0x0000000092d00000| Untracked 
| 302|0x0000000092e00000, 0x0000000092e00000, 0x0000000092f00000|  0%| F|  |TAMS 0x0000000092e00000, 0x0000000092e00000| Untracked 
| 303|0x0000000092f00000, 0x0000000092f00000, 0x0000000093000000|  0%| F|  |TAMS 0x0000000092f00000, 0x0000000092f00000| Untracked 
| 304|0x0000000093000000, 0x0000000093000000, 0x0000000093100000|  0%| F|  |TAMS 0x0000000093000000, 0x0000000093000000| Untracked 
| 305|0x0000000093100000, 0x0000000093100000, 0x0000000093200000|  0%| F|  |TAMS 0x0000000093100000, 0x0000000093100000| Untracked 
| 306|0x0000000093200000, 0x0000000093200000, 0x0000000093300000|  0%| F|  |TAMS 0x0000000093200000, 0x0000000093200000| Untracked 
| 307|0x0000000093300000, 0x0000000093300000, 0x0000000093400000|  0%| F|  |TAMS 0x0000000093300000, 0x0000000093300000| Untracked 
| 308|0x0000000093400000, 0x0000000093400000, 0x0000000093500000|  0%| F|  |TAMS 0x0000000093400000, 0x0000000093400000| Untracked 
| 309|0x0000000093500000, 0x0000000093500000, 0x0000000093600000|  0%| F|  |TAMS 0x0000000093500000, 0x0000000093500000| Untracked 
| 310|0x0000000093600000, 0x0000000093600000, 0x0000000093700000|  0%| F|  |TAMS 0x0000000093600000, 0x0000000093600000| Untracked 
| 311|0x0000000093700000, 0x0000000093700000, 0x0000000093800000|  0%| F|  |TAMS 0x0000000093700000, 0x0000000093700000| Untracked 
| 312|0x0000000093800000, 0x0000000093800000, 0x0000000093900000|  0%| F|  |TAMS 0x0000000093800000, 0x0000000093800000| Untracked 
| 313|0x0000000093900000, 0x0000000093900000, 0x0000000093a00000|  0%| F|  |TAMS 0x0000000093900000, 0x0000000093900000| Untracked 
| 314|0x0000000093a00000, 0x0000000093a00000, 0x0000000093b00000|  0%| F|  |TAMS 0x0000000093a00000, 0x0000000093a00000| Untracked 
| 315|0x0000000093b00000, 0x0000000093b00000, 0x0000000093c00000|  0%| F|  |TAMS 0x0000000093b00000, 0x0000000093b00000| Untracked 
| 316|0x0000000093c00000, 0x0000000093c00000, 0x0000000093d00000|  0%| F|  |TAMS 0x0000000093c00000, 0x0000000093c00000| Untracked 
| 317|0x0000000093d00000, 0x0000000093d00000, 0x0000000093e00000|  0%| F|  |TAMS 0x0000000093d00000, 0x0000000093d00000| Untracked 
| 318|0x0000000093e00000, 0x0000000093e00000, 0x0000000093f00000|  0%| F|  |TAMS 0x0000000093e00000, 0x0000000093e00000| Untracked 
| 319|0x0000000093f00000, 0x0000000093f00000, 0x0000000094000000|  0%| F|  |TAMS 0x0000000093f00000, 0x0000000093f00000| Untracked 
| 320|0x0000000094000000, 0x0000000094000000, 0x0000000094100000|  0%| F|  |TAMS 0x0000000094000000, 0x0000000094000000| Untracked 
| 321|0x0000000094100000, 0x0000000094100000, 0x0000000094200000|  0%| F|  |TAMS 0x0000000094100000, 0x0000000094100000| Untracked 
| 322|0x0000000094200000, 0x0000000094200000, 0x0000000094300000|  0%| F|  |TAMS 0x0000000094200000, 0x0000000094200000| Untracked 
| 323|0x0000000094300000, 0x0000000094300000, 0x0000000094400000|  0%| F|  |TAMS 0x0000000094300000, 0x0000000094300000| Untracked 
| 324|0x0000000094400000, 0x0000000094400000, 0x0000000094500000|  0%| F|  |TAMS 0x0000000094400000, 0x0000000094400000| Untracked 
| 325|0x0000000094500000, 0x0000000094500000, 0x0000000094600000|  0%| F|  |TAMS 0x0000000094500000, 0x0000000094500000| Untracked 
| 326|0x0000000094600000, 0x0000000094600000, 0x0000000094700000|  0%| F|  |TAMS 0x0000000094600000, 0x0000000094600000| Untracked 
| 327|0x0000000094700000, 0x0000000094700000, 0x0000000094800000|  0%| F|  |TAMS 0x0000000094700000, 0x0000000094700000| Untracked 
| 328|0x0000000094800000, 0x0000000094800000, 0x0000000094900000|  0%| F|  |TAMS 0x0000000094800000, 0x0000000094800000| Untracked 
| 329|0x0000000094900000, 0x0000000094900000, 0x0000000094a00000|  0%| F|  |TAMS 0x0000000094900000, 0x0000000094900000| Untracked 
| 330|0x0000000094a00000, 0x0000000094a00000, 0x0000000094b00000|  0%| F|  |TAMS 0x0000000094a00000, 0x0000000094a00000| Untracked 
| 331|0x0000000094b00000, 0x0000000094b00000, 0x0000000094c00000|  0%| F|  |TAMS 0x0000000094b00000, 0x0000000094b00000| Untracked 
| 332|0x0000000094c00000, 0x0000000094c00000, 0x0000000094d00000|  0%| F|  |TAMS 0x0000000094c00000, 0x0000000094c00000| Untracked 
| 333|0x0000000094d00000, 0x0000000094d00000, 0x0000000094e00000|  0%| F|  |TAMS 0x0000000094d00000, 0x0000000094d00000| Untracked 
| 334|0x0000000094e00000, 0x0000000094e00000, 0x0000000094f00000|  0%| F|  |TAMS 0x0000000094e00000, 0x0000000094e00000| Untracked 
| 335|0x0000000094f00000, 0x0000000094f8c110, 0x0000000095000000| 54%| S|CS|TAMS 0x0000000094f00000, 0x0000000094f00000| Complete 
| 336|0x0000000095000000, 0x0000000095100000, 0x0000000095100000|100%| S|CS|TAMS 0x0000000095000000, 0x0000000095000000| Complete 
| 337|0x0000000095100000, 0x0000000095100000, 0x0000000095200000|  0%| F|  |TAMS 0x0000000095100000, 0x0000000095100000| Untracked 
| 338|0x0000000095200000, 0x0000000095200000, 0x0000000095300000|  0%| F|  |TAMS 0x0000000095200000, 0x0000000095200000| Untracked 
| 339|0x0000000095300000, 0x0000000095300000, 0x0000000095400000|  0%| F|  |TAMS 0x0000000095300000, 0x0000000095300000| Untracked 
| 340|0x0000000095400000, 0x0000000095400000, 0x0000000095500000|  0%| F|  |TAMS 0x0000000095400000, 0x0000000095400000| Untracked 
| 341|0x0000000095500000, 0x0000000095500000, 0x0000000095600000|  0%| F|  |TAMS 0x0000000095500000, 0x0000000095500000| Untracked 
| 342|0x0000000095600000, 0x0000000095600000, 0x0000000095700000|  0%| F|  |TAMS 0x0000000095600000, 0x0000000095600000| Untracked 
| 343|0x0000000095700000, 0x0000000095700000, 0x0000000095800000|  0%| F|  |TAMS 0x0000000095700000, 0x0000000095700000| Untracked 
| 344|0x0000000095800000, 0x0000000095800000, 0x0000000095900000|  0%| F|  |TAMS 0x0000000095800000, 0x0000000095800000| Untracked 
| 345|0x0000000095900000, 0x0000000095900000, 0x0000000095a00000|  0%| F|  |TAMS 0x0000000095900000, 0x0000000095900000| Untracked 
| 346|0x0000000095a00000, 0x0000000095a00000, 0x0000000095b00000|  0%| F|  |TAMS 0x0000000095a00000, 0x0000000095a00000| Untracked 
| 347|0x0000000095b00000, 0x0000000095b00000, 0x0000000095c00000|  0%| F|  |TAMS 0x0000000095b00000, 0x0000000095b00000| Untracked 
| 348|0x0000000095c00000, 0x0000000095c00000, 0x0000000095d00000|  0%| F|  |TAMS 0x0000000095c00000, 0x0000000095c00000| Untracked 
| 349|0x0000000095d00000, 0x0000000095d00000, 0x0000000095e00000|  0%| F|  |TAMS 0x0000000095d00000, 0x0000000095d00000| Untracked 
| 350|0x0000000095e00000, 0x0000000095e00000, 0x0000000095f00000|  0%| F|  |TAMS 0x0000000095e00000, 0x0000000095e00000| Untracked 
| 351|0x0000000095f00000, 0x0000000095f00000, 0x0000000096000000|  0%| F|  |TAMS 0x0000000095f00000, 0x0000000095f00000| Untracked 
| 352|0x0000000096000000, 0x0000000096000000, 0x0000000096100000|  0%| F|  |TAMS 0x0000000096000000, 0x0000000096000000| Untracked 
| 353|0x0000000096100000, 0x0000000096100000, 0x0000000096200000|  0%| F|  |TAMS 0x0000000096100000, 0x0000000096100000| Untracked 
| 354|0x0000000096200000, 0x0000000096200000, 0x0000000096300000|  0%| F|  |TAMS 0x0000000096200000, 0x0000000096200000| Untracked 
| 355|0x0000000096300000, 0x0000000096300000, 0x0000000096400000|  0%| F|  |TAMS 0x0000000096300000, 0x0000000096300000| Untracked 
| 356|0x0000000096400000, 0x0000000096400000, 0x0000000096500000|  0%| F|  |TAMS 0x0000000096400000, 0x0000000096400000| Untracked 
| 357|0x0000000096500000, 0x0000000096500000, 0x0000000096600000|  0%| F|  |TAMS 0x0000000096500000, 0x0000000096500000| Untracked 
| 358|0x0000000096600000, 0x0000000096600000, 0x0000000096700000|  0%| F|  |TAMS 0x0000000096600000, 0x0000000096600000| Untracked 
| 359|0x0000000096700000, 0x0000000096700000, 0x0000000096800000|  0%| F|  |TAMS 0x0000000096700000, 0x0000000096700000| Untracked 
| 360|0x0000000096800000, 0x0000000096800000, 0x0000000096900000|  0%| F|  |TAMS 0x0000000096800000, 0x0000000096800000| Untracked 
| 361|0x0000000096900000, 0x0000000096900000, 0x0000000096a00000|  0%| F|  |TAMS 0x0000000096900000, 0x0000000096900000| Untracked 
| 362|0x0000000096a00000, 0x0000000096a00000, 0x0000000096b00000|  0%| F|  |TAMS 0x0000000096a00000, 0x0000000096a00000| Untracked 
| 363|0x0000000096b00000, 0x0000000096ba7b40, 0x0000000096c00000| 65%| E|  |TAMS 0x0000000096b00000, 0x0000000096b00000| Complete 
| 364|0x0000000096c00000, 0x0000000096d00000, 0x0000000096d00000|100%| E|CS|TAMS 0x0000000096c00000, 0x0000000096c00000| Complete 
| 365|0x0000000096d00000, 0x0000000096e00000, 0x0000000096e00000|100%| E|CS|TAMS 0x0000000096d00000, 0x0000000096d00000| Complete 
| 366|0x0000000096e00000, 0x0000000096f00000, 0x0000000096f00000|100%| E|CS|TAMS 0x0000000096e00000, 0x0000000096e00000| Complete 
| 367|0x0000000096f00000, 0x0000000097000000, 0x0000000097000000|100%| E|CS|TAMS 0x0000000096f00000, 0x0000000096f00000| Complete 
| 368|0x0000000097000000, 0x0000000097100000, 0x0000000097100000|100%| E|CS|TAMS 0x0000000097000000, 0x0000000097000000| Complete 

Card table byte_map: [0x000001a49d430000,0x000001a49d830000] _byte_map_base: 0x000001a49d030000

Marking Bits (Prev, Next): (CMBitMap*) 0x000001a484535a00, (CMBitMap*) 0x000001a4845359c0
 Prev Bits: [0x000001a49fc30000, 0x000001a4a1c30000)
 Next Bits: [0x000001a49dc30000, 0x000001a49fc30000)

Polling page: 0x000001a4845a0000

Metaspace:

Usage:
  Non-class:    111.39 MB used.
      Class:     17.80 MB used.
       Both:    129.19 MB used.

Virtual space:
  Non-class space:      128.00 MB reserved,     112.38 MB ( 88%) committed,  2 nodes.
      Class space:      416.00 MB reserved,      18.62 MB (  4%) committed,  1 nodes.
             Both:      544.00 MB reserved,     131.00 MB ( 24%) committed. 

Chunk freelists:
   Non-Class:  15.03 MB
       Class:  13.28 MB
        Both:  28.32 MB

MaxMetaspaceSize: 512.00 MB
CompressedClassSpaceSize: 416.00 MB
Initial GC threshold: 21.00 MB
Current GC threshold: 186.25 MB
CDS: on
MetaspaceReclaimPolicy: balanced
 - commit_granule_bytes: 65536.
 - commit_granule_words: 8192.
 - virtual_space_node_default_size: 8388608.
 - enlarge_chunks_in_place: 1.
 - new_chunks_are_fully_committed: 0.
 - uncommit_free_chunks: 1.
 - use_allocation_guard: 0.
 - handle_deallocations: 1.


Internal statistics:

num_allocs_failed_limit: 9.
num_arena_births: 2542.
num_arena_deaths: 0.
num_vsnodes_births: 3.
num_vsnodes_deaths: 0.
num_space_committed: 2095.
num_space_uncommitted: 0.
num_chunks_returned_to_freelist: 9.
num_chunks_taken_from_freelist: 8868.
num_chunk_merges: 9.
num_chunk_splits: 5417.
num_chunks_enlarged: 3103.
num_inconsistent_stats: 0.

CodeHeap 'non-profiled nmethods': size=120000Kb used=14879Kb max_used=15633Kb free=105120Kb
 bounds [0x000001a495090000, 0x000001a495fe0000, 0x000001a49c5c0000]
CodeHeap 'profiled nmethods': size=120000Kb used=34826Kb max_used=35121Kb free=85173Kb
 bounds [0x000001a48d5c0000, 0x000001a48f820000, 0x000001a494af0000]
CodeHeap 'non-nmethods': size=5760Kb used=2550Kb max_used=2601Kb free=3209Kb
 bounds [0x000001a494af0000, 0x000001a494d80000, 0x000001a495090000]
 total_blobs=19083 nmethods=17989 adapters=1005
 compilation: enabled
              stopped_count=0, restarted_count=0
 full_count=0

Compilation events (20 events):
Event: 1821.077 Thread 0x000001a4a46edcb0 22202       3       org.antlr.v4.runtime.Recognizer::<init> (22 bytes)
Event: 1821.079 Thread 0x000001a4a46eb2e0 nmethod 22178 0x000001a49551e510 code [0x000001a49551e740, 0x000001a49551efd0]
Event: 1821.080 Thread 0x000001a4a46edcb0 nmethod 22202 0x000001a48e213290 code [0x000001a48e213480, 0x000001a48e213b48]
Event: 1821.080 Thread 0x000001a4a46eb2e0 22196       4       org.antlr.v4.runtime.atn.ATNState::getNumberOfTransitions (10 bytes)
Event: 1821.080 Thread 0x000001a4a46edcb0 22204   !   3       java.util.concurrent.LinkedBlockingQueue::poll (128 bytes)
Event: 1821.080 Thread 0x000001a4a46eb2e0 nmethod 22196 0x000001a4954c3b10 code [0x000001a4954c3c80, 0x000001a4954c3d38]
Event: 1821.080 Thread 0x000001a4a46eb2e0 22201       4       java.util.HashMap$KeySpliterator::characteristics (30 bytes)
Event: 1821.081 Thread 0x000001a4a46eb2e0 nmethod 22201 0x000001a495e6ea10 code [0x000001a495e6eb80, 0x000001a495e6ec38]
Event: 1821.083 Thread 0x000001a4a46edcb0 nmethod 22204 0x000001a48ebf5c90 code [0x000001a48ebf6080, 0x000001a48ebf7dd8]
Event: 1821.083 Thread 0x000001a4a46edcb0 22200       1       org.tomlj.AccumulatingErrorListener::errors (5 bytes)
Event: 1821.083 Thread 0x000001a4a46edcb0 nmethod 22200 0x000001a495e6e710 code [0x000001a495e6e8a0, 0x000001a495e6e978]
Event: 1821.083 Thread 0x000001a4a46edcb0 22197       1       org.antlr.v4.runtime.CodePointBuffer::getType (5 bytes)
Event: 1821.084 Thread 0x000001a4a46edcb0 nmethod 22197 0x000001a495e6e410 code [0x000001a495e6e5a0, 0x000001a495e6e678]
Event: 1821.103 Thread 0x000001a4a46edcb0 22205       3       org.gradle.api.internal.tasks.DefaultTaskDependencyFactory::<init> (15 bytes)
Event: 1821.106 Thread 0x000001a4a46edcb0 nmethod 22205 0x000001a48e212d90 code [0x000001a48e212f40, 0x000001a48e213158]
Event: 1821.108 Thread 0x000001a4a46eb2e0 22206       4       org.gradle.internal.service.TypeStringFormatter::format (178 bytes)
Event: 1821.109 Thread 0x000001a4a46edcb0 22207       3       org.gradle.internal.service.DefaultServiceRegistry::getCollectionService (105 bytes)
Event: 1821.110 Thread 0x000001a4a46edcb0 nmethod 22207 0x000001a48e459a10 code [0x000001a48e459ce0, 0x000001a48e45b1b8]
Event: 1821.110 Thread 0x000001a4a46edcb0 22209       3       org.gradle.launcher.daemon.server.exec.DaemonConnectionBackedEventConsumer$ForwardEvents::moreMessagesToSend (35 bytes)
Event: 1821.112 Thread 0x000001a4a46edcb0 nmethod 22209 0x000001a48ebf5710 code [0x000001a48ebf58c0, 0x000001a48ebf5b88]

GC Heap History (20 events):
Event: 62.637 GC heap before
{Heap before GC invocations=93 (full 0):
 garbage-first heap   total 377856K, used 327790K [0x0000000080000000, 0x0000000100000000)
  region size 1024K, 44 young (45056K), 5 survivors (5120K)
 Metaspace       used 125575K, committed 127360K, reserved 557056K
  class space    used 17480K, committed 18304K, reserved 425984K
}
Event: 62.642 GC heap after
{Heap after GC invocations=94 (full 0):
 garbage-first heap   total 377856K, used 289878K [0x0000000080000000, 0x0000000100000000)
  region size 1024K, 4 young (4096K), 4 survivors (4096K)
 Metaspace       used 125575K, committed 127360K, reserved 557056K
  class space    used 17480K, committed 18304K, reserved 425984K
}
Event: 62.859 GC heap before
{Heap before GC invocations=94 (full 0):
 garbage-first heap   total 377856K, used 328790K [0x0000000080000000, 0x0000000100000000)
  region size 1024K, 43 young (44032K), 4 survivors (4096K)
 Metaspace       used 125586K, committed 127360K, reserved 557056K
  class space    used 17480K, committed 18304K, reserved 425984K
}
Event: 62.865 GC heap after
{Heap after GC invocations=95 (full 0):
 garbage-first heap   total 377856K, used 291052K [0x0000000080000000, 0x0000000100000000)
  region size 1024K, 5 young (5120K), 5 survivors (5120K)
 Metaspace       used 125586K, committed 127360K, reserved 557056K
  class space    used 17480K, committed 18304K, reserved 425984K
}
Event: 63.501 GC heap before
{Heap before GC invocations=95 (full 0):
 garbage-first heap   total 377856K, used 334060K [0x0000000080000000, 0x0000000100000000)
  region size 1024K, 43 young (44032K), 5 survivors (5120K)
 Metaspace       used 127407K, committed 129088K, reserved 557056K
  class space    used 17634K, committed 18432K, reserved 425984K
}
Event: 63.507 GC heap after
{Heap after GC invocations=96 (full 0):
 garbage-first heap   total 377856K, used 292710K [0x0000000080000000, 0x0000000100000000)
  region size 1024K, 3 young (3072K), 3 survivors (3072K)
 Metaspace       used 127407K, committed 129088K, reserved 557056K
  class space    used 17634K, committed 18432K, reserved 425984K
}
Event: 64.868 GC heap before
{Heap before GC invocations=96 (full 0):
 garbage-first heap   total 377856K, used 329574K [0x0000000080000000, 0x0000000100000000)
  region size 1024K, 40 young (40960K), 3 survivors (3072K)
 Metaspace       used 128842K, committed 130624K, reserved 557056K
  class space    used 17803K, committed 18624K, reserved 425984K
}
Event: 64.874 GC heap after
{Heap after GC invocations=97 (full 0):
 garbage-first heap   total 377856K, used 294836K [0x0000000080000000, 0x0000000100000000)
  region size 1024K, 4 young (4096K), 4 survivors (4096K)
 Metaspace       used 128842K, committed 130624K, reserved 557056K
  class space    used 17803K, committed 18624K, reserved 425984K
}
Event: 106.654 GC heap before
{Heap before GC invocations=97 (full 0):
 garbage-first heap   total 377856K, used 328628K [0x0000000080000000, 0x0000000100000000)
  region size 1024K, 38 young (38912K), 4 survivors (4096K)
 Metaspace       used 129200K, committed 131008K, reserved 557056K
  class space    used 17838K, committed 18688K, reserved 425984K
}
Event: 106.661 GC heap after
{Heap after GC invocations=98 (full 0):
 garbage-first heap   total 377856K, used 295835K [0x0000000080000000, 0x0000000100000000)
  region size 1024K, 2 young (2048K), 2 survivors (2048K)
 Metaspace       used 129200K, committed 131008K, reserved 557056K
  class space    used 17838K, committed 18688K, reserved 425984K
}
Event: 108.155 GC heap before
{Heap before GC invocations=98 (full 0):
 garbage-first heap   total 377856K, used 329627K [0x0000000080000000, 0x0000000100000000)
  region size 1024K, 36 young (36864K), 2 survivors (2048K)
 Metaspace       used 129468K, committed 131264K, reserved 557056K
  class space    used 17867K, committed 18688K, reserved 425984K
}
Event: 108.159 GC heap after
{Heap after GC invocations=99 (full 0):
 garbage-first heap   total 377856K, used 298098K [0x0000000080000000, 0x0000000100000000)
  region size 1024K, 4 young (4096K), 4 survivors (4096K)
 Metaspace       used 129468K, committed 131264K, reserved 557056K
  class space    used 17867K, committed 18688K, reserved 425984K
}
Event: 178.339 GC heap before
{Heap before GC invocations=99 (full 0):
 garbage-first heap   total 377856K, used 329842K [0x0000000080000000, 0x0000000100000000)
  region size 1024K, 36 young (36864K), 4 survivors (4096K)
 Metaspace       used 131563K, committed 133376K, reserved 557056K
  class space    used 18155K, committed 19008K, reserved 425984K
}
Event: 178.397 GC heap after
{Heap after GC invocations=100 (full 0):
 garbage-first heap   total 377856K, used 300867K [0x0000000080000000, 0x0000000100000000)
  region size 1024K, 3 young (3072K), 3 survivors (3072K)
 Metaspace       used 131563K, committed 133376K, reserved 557056K
  class space    used 18155K, committed 19008K, reserved 425984K
}
Event: 265.228 GC heap before
{Heap before GC invocations=100 (full 0):
 garbage-first heap   total 377856K, used 331587K [0x0000000080000000, 0x0000000100000000)
  region size 1024K, 33 young (33792K), 3 survivors (3072K)
 Metaspace       used 132032K, committed 133888K, reserved 557056K
  class space    used 18225K, committed 19072K, reserved 425984K
}
Event: 265.284 GC heap after
{Heap after GC invocations=101 (full 0):
 garbage-first heap   total 377856K, used 301703K [0x0000000080000000, 0x0000000100000000)
  region size 1024K, 1 young (1024K), 1 survivors (1024K)
 Metaspace       used 132032K, committed 133888K, reserved 557056K
  class space    used 18225K, committed 19072K, reserved 425984K
}
Event: 1667.226 GC heap before
{Heap before GC invocations=101 (full 0):
 garbage-first heap   total 377856K, used 331399K [0x0000000080000000, 0x0000000100000000)
  region size 1024K, 31 young (31744K), 1 survivors (1024K)
 Metaspace       used 132188K, committed 134080K, reserved 557056K
  class space    used 18225K, committed 19072K, reserved 425984K
}
Event: 1667.294 GC heap after
{Heap after GC invocations=102 (full 0):
 garbage-first heap   total 377856K, used 301376K [0x0000000080000000, 0x0000000100000000)
  region size 1024K, 1 young (1024K), 1 survivors (1024K)
 Metaspace       used 132188K, committed 134080K, reserved 557056K
  class space    used 18225K, committed 19072K, reserved 425984K
}
Event: 1820.834 GC heap before
{Heap before GC invocations=102 (full 0):
 garbage-first heap   total 377856K, used 333120K [0x0000000080000000, 0x0000000100000000)
  region size 1024K, 32 young (32768K), 1 survivors (1024K)
 Metaspace       used 132262K, committed 134144K, reserved 557056K
  class space    used 18230K, committed 19072K, reserved 425984K
}
Event: 1820.859 GC heap after
{Heap after GC invocations=103 (full 0):
 garbage-first heap   total 377856K, used 302333K [0x0000000080000000, 0x0000000100000000)
  region size 1024K, 2 young (2048K), 2 survivors (2048K)
 Metaspace       used 132262K, committed 134144K, reserved 557056K
  class space    used 18230K, committed 19072K, reserved 425984K
}

Deoptimization events (20 events):
Event: 1821.077 Thread 0x000001a4c8c2b9d0 Uncommon trap: trap_request=0xffffffde fr.pc=0x000001a495b255f4 relative=0x0000000000000814
Event: 1821.077 Thread 0x000001a4c8c2b9d0 Uncommon trap: reason=class_check action=maybe_recompile pc=0x000001a495b255f4 method=com.google.common.collect.CollectSpliterators$1WithCharacteristics.lambda$forEachRemaining$1(Ljava/util/function/Consumer;Ljava/util/function/IntFunction;I)V @ 3 c2
Event: 1821.077 Thread 0x000001a4c8c2b9d0 DEOPT PACKING pc=0x000001a495b255f4 sp=0x00000044f1cf8360
Event: 1821.077 Thread 0x000001a4c8c2b9d0 DEOPT UNPACKING pc=0x000001a494b45ba3 sp=0x00000044f1cf82b0 mode 2
Event: 1821.077 Thread 0x000001a4c8c2b9d0 Uncommon trap: trap_request=0xffffffde fr.pc=0x000001a495b255f4 relative=0x0000000000000814
Event: 1821.077 Thread 0x000001a4c8c2b9d0 Uncommon trap: reason=class_check action=maybe_recompile pc=0x000001a495b255f4 method=com.google.common.collect.CollectSpliterators$1WithCharacteristics.lambda$forEachRemaining$1(Ljava/util/function/Consumer;Ljava/util/function/IntFunction;I)V @ 3 c2
Event: 1821.077 Thread 0x000001a4c8c2b9d0 DEOPT PACKING pc=0x000001a495b255f4 sp=0x00000044f1cf8360
Event: 1821.077 Thread 0x000001a4c8c2b9d0 DEOPT UNPACKING pc=0x000001a494b45ba3 sp=0x00000044f1cf82b0 mode 2
Event: 1821.077 Thread 0x000001a4c8c2b9d0 Uncommon trap: trap_request=0xffffffde fr.pc=0x000001a495b255f4 relative=0x0000000000000814
Event: 1821.077 Thread 0x000001a4c8c2b9d0 Uncommon trap: reason=class_check action=maybe_recompile pc=0x000001a495b255f4 method=com.google.common.collect.CollectSpliterators$1WithCharacteristics.lambda$forEachRemaining$1(Ljava/util/function/Consumer;Ljava/util/function/IntFunction;I)V @ 3 c2
Event: 1821.077 Thread 0x000001a4c8c2b9d0 DEOPT PACKING pc=0x000001a495b255f4 sp=0x00000044f1cf8360
Event: 1821.077 Thread 0x000001a4c8c2b9d0 DEOPT UNPACKING pc=0x000001a494b45ba3 sp=0x00000044f1cf82b0 mode 2
Event: 1821.078 Thread 0x000001a4c8c2b9d0 Uncommon trap: trap_request=0xffffffde fr.pc=0x000001a495832bdc relative=0x000000000000131c
Event: 1821.078 Thread 0x000001a4c8c2b9d0 Uncommon trap: reason=class_check action=maybe_recompile pc=0x000001a495832bdc method=org.gradle.internal.snapshot.impl.AbstractValueProcessor.processValue(Ljava/lang/Object;Lorg/gradle/internal/snapshot/impl/AbstractValueProcessor$ValueVisitor;)Ljava/lan
Event: 1821.079 Thread 0x000001a4c8c2b9d0 DEOPT PACKING pc=0x000001a495832bdc sp=0x00000044f1cf8660
Event: 1821.079 Thread 0x000001a4c8c2b9d0 DEOPT UNPACKING pc=0x000001a494b45ba3 sp=0x00000044f1cf8608 mode 2
Event: 1821.079 Thread 0x000001a4c8c2b9d0 Uncommon trap: trap_request=0xffffffde fr.pc=0x000001a495832bdc relative=0x000000000000131c
Event: 1821.079 Thread 0x000001a4c8c2b9d0 Uncommon trap: reason=class_check action=maybe_recompile pc=0x000001a495832bdc method=org.gradle.internal.snapshot.impl.AbstractValueProcessor.processValue(Ljava/lang/Object;Lorg/gradle/internal/snapshot/impl/AbstractValueProcessor$ValueVisitor;)Ljava/lan
Event: 1821.079 Thread 0x000001a4c8c2b9d0 DEOPT PACKING pc=0x000001a495832bdc sp=0x00000044f1cf8660
Event: 1821.079 Thread 0x000001a4c8c2b9d0 DEOPT UNPACKING pc=0x000001a494b45ba3 sp=0x00000044f1cf8608 mode 2

Classes unloaded (0 events):
No events

Classes redefined (0 events):
No events

Internal exceptions (20 events):
Event: 180.153 Thread 0x000001a4d3cd5060 Exception <a 'sun/nio/fs/WindowsException'{0x0000000095989c08}> (0x0000000095989c08) 
thrown [s\open\src\hotspot\share\prims\jni.cpp, line 516]
Event: 180.154 Thread 0x000001a4d3cd5060 Exception <a 'sun/nio/fs/WindowsException'{0x0000000095990d00}> (0x0000000095990d00) 
thrown [s\open\src\hotspot\share\prims\jni.cpp, line 516]
Event: 180.155 Thread 0x000001a4d3cd5060 Exception <a 'sun/nio/fs/WindowsException'{0x0000000095997800}> (0x0000000095997800) 
thrown [s\open\src\hotspot\share\prims\jni.cpp, line 516]
Event: 180.155 Thread 0x000001a4d3cd5060 Exception <a 'sun/nio/fs/WindowsException'{0x000000009599ac38}> (0x000000009599ac38) 
thrown [s\open\src\hotspot\share\prims\jni.cpp, line 516]
Event: 1819.270 Thread 0x000001a4c8c2b9d0 Implicit null exception at 0x000001a495912138 to 0x000001a495912324
Event: 1819.745 Thread 0x000001a4c8c2b9d0 Exception <a 'sun/nio/fs/WindowsException'{0x000000009673c0d0}> (0x000000009673c0d0) 
thrown [s\open\src\hotspot\share\prims\jni.cpp, line 516]
Event: 1819.750 Thread 0x000001a4c8c2b9d0 Exception <a 'sun/nio/fs/WindowsException'{0x000000009673d560}> (0x000000009673d560) 
thrown [s\open\src\hotspot\share\prims\jni.cpp, line 516]
Event: 1819.751 Thread 0x000001a4c8c2b9d0 Exception <a 'sun/nio/fs/WindowsException'{0x000000009673e9f0}> (0x000000009673e9f0) 
thrown [s\open\src\hotspot\share\prims\jni.cpp, line 516]
Event: 1819.752 Thread 0x000001a4c8c2b9d0 Exception <a 'sun/nio/fs/WindowsException'{0x000000009673fb48}> (0x000000009673fb48) 
thrown [s\open\src\hotspot\share\prims\jni.cpp, line 516]
Event: 1819.910 Thread 0x000001a4c8c2b9d0 Exception <a 'sun/nio/fs/WindowsException'{0x0000000096622898}> (0x0000000096622898) 
thrown [s\open\src\hotspot\share\prims\jni.cpp, line 516]
Event: 1819.911 Thread 0x000001a4c8c2b9d0 Exception <a 'sun/nio/fs/WindowsException'{0x00000000966244c8}> (0x00000000966244c8) 
thrown [s\open\src\hotspot\share\prims\jni.cpp, line 516]
Event: 1819.912 Thread 0x000001a4c8c2b9d0 Exception <a 'sun/nio/fs/WindowsException'{0x0000000096625ea8}> (0x0000000096625ea8) 
thrown [s\open\src\hotspot\share\prims\jni.cpp, line 516]
Event: 1819.913 Thread 0x000001a4c8c2b9d0 Exception <a 'sun/nio/fs/WindowsException'{0x0000000096627550}> (0x0000000096627550) 
thrown [s\open\src\hotspot\share\prims\jni.cpp, line 516]
Event: 1820.061 Thread 0x000001a4c8c2b9d0 Implicit null exception at 0x000001a495cb7898 to 0x000001a495cbdd70
Event: 1821.018 Thread 0x000001a4c8c2b9d0 Exception <a 'sun/nio/fs/WindowsException'{0x0000000096c0f450}> (0x0000000096c0f450) 
thrown [s\open\src\hotspot\share\prims\jni.cpp, line 516]
Event: 1821.019 Thread 0x000001a4c8c2b9d0 Exception <a 'sun/nio/fs/WindowsException'{0x0000000096c0f690}> (0x0000000096c0f690) 
thrown [s\open\src\hotspot\share\prims\jni.cpp, line 516]
Event: 1821.020 Thread 0x000001a4c8c2b9d0 Exception <a 'sun/nio/fs/WindowsException'{0x0000000096c126a0}> (0x0000000096c126a0) 
thrown [s\open\src\hotspot\share\prims\jni.cpp, line 516]
Event: 1821.020 Thread 0x000001a4c8c2b9d0 Exception <a 'sun/nio/fs/WindowsException'{0x0000000096c129d0}> (0x0000000096c129d0) 
thrown [s\open\src\hotspot\share\prims\jni.cpp, line 516]
Event: 1821.021 Thread 0x000001a4c8c2b9d0 Exception <a 'sun/nio/fs/WindowsException'{0x0000000096c16620}> (0x0000000096c16620) 
thrown [s\open\src\hotspot\share\prims\jni.cpp, line 516]
Event: 1821.021 Thread 0x000001a4c8c2b9d0 Exception <a 'sun/nio/fs/WindowsException'{0x0000000096c16950}> (0x0000000096c16950) 
thrown [s\open\src\hotspot\share\prims\jni.cpp, line 516]

VM Operations (20 events):
Event: 1562.915 Executing VM operation: Cleanup
Event: 1562.920 Executing VM operation: Cleanup done
Event: 1603.321 Executing VM operation: Cleanup
Event: 1603.321 Executing VM operation: Cleanup done
Event: 1667.223 Executing VM operation: G1CollectForAllocation
Event: 1667.295 Executing VM operation: G1CollectForAllocation done
Event: 1783.322 Executing VM operation: Cleanup
Event: 1783.322 Executing VM operation: Cleanup done
Event: 1817.674 Executing VM operation: Cleanup
Event: 1817.674 Executing VM operation: Cleanup done
Event: 1818.679 Executing VM operation: Cleanup
Event: 1818.679 Executing VM operation: Cleanup done
Event: 1819.688 Executing VM operation: Cleanup
Event: 1819.689 Executing VM operation: Cleanup done
Event: 1820.691 Executing VM operation: Cleanup
Event: 1820.692 Executing VM operation: Cleanup done
Event: 1820.834 Executing VM operation: G1CollectForAllocation
Event: 1820.859 Executing VM operation: G1CollectForAllocation done
Event: 1821.872 Executing VM operation: Cleanup
Event: 1821.872 Executing VM operation: Cleanup done

Events (20 events):
Event: 1818.955 loading class jdk/internal/math/FormattedFloatingDecimal$Form
Event: 1818.984 loading class jdk/internal/math/FormattedFloatingDecimal$Form done
Event: 1818.986 loading class jdk/internal/math/FormattedFloatingDecimal
Event: 1819.027 loading class jdk/internal/math/FormattedFloatingDecimal done
Event: 1819.028 loading class jdk/internal/math/FormattedFloatingDecimal$1
Event: 1819.039 loading class jdk/internal/math/FormattedFloatingDecimal$1 done
Event: 1819.081 loading class jdk/internal/math/FormattedFloatingDecimal$2
Event: 1819.083 loading class jdk/internal/math/FormattedFloatingDecimal$2 done
Event: 1819.107 Thread 0x000001a4c669e700 Thread added: 0x000001a4c669e700
Event: 1819.110 Thread 0x000001a4c669f120 Thread added: 0x000001a4c669f120
Event: 1819.396 Thread 0x000001a4c669ec10 Thread added: 0x000001a4c669ec10
Event: 1819.423 Thread 0x000001a4c669f630 Thread added: 0x000001a4c669f630
Event: 1819.770 Thread 0x000001a4ca0b02b0 Thread added: 0x000001a4ca0b02b0
Event: 1819.846 Thread 0x000001a4ca0af890 Thread added: 0x000001a4ca0af890
Event: 1819.853 Thread 0x000001a4ca0afda0 Thread added: 0x000001a4ca0afda0
Event: 1819.889 Thread 0x000001a4ca0b07c0 Thread added: 0x000001a4ca0b07c0
Event: 1820.213 Thread 0x000001a4ca0b0cd0 Thread added: 0x000001a4ca0b0cd0
Event: 1820.214 Thread 0x000001a4ca0af380 Thread added: 0x000001a4ca0af380
Event: 1820.390 Thread 0x000001a4d1c36cb0 Thread added: 0x000001a4d1c36cb0
Event: 1820.394 Thread 0x000001a4c8c2a080 Thread added: 0x000001a4c8c2a080


Dynamic libraries:
0x00007ff788490000 - 0x00007ff7884a0000 	C:\Program Files\Java\jdk-17\bin\java.exe
0x00007ffa72f20000 - 0x00007ffa73187000 	C:\WINDOWS\SYSTEM32\ntdll.dll
0x00007ffa714c0000 - 0x00007ffa71589000 	C:\WINDOWS\System32\KERNEL32.DLL
0x00007ffa70190000 - 0x00007ffa70580000 	C:\WINDOWS\System32\KERNELBASE.dll
0x00007ffa70860000 - 0x00007ffa709ab000 	C:\WINDOWS\System32\ucrtbase.dll
0x00007ffa613b0000 - 0x00007ffa613cb000 	C:\Program Files\Java\jdk-17\bin\VCRUNTIME140.dll
0x00007ffa60ea0000 - 0x00007ffa60eb9000 	C:\Program Files\Java\jdk-17\bin\jli.dll
0x00007ffa72d70000 - 0x00007ffa72e24000 	C:\WINDOWS\System32\ADVAPI32.dll
0x00007ffa71af0000 - 0x00007ffa71b99000 	C:\WINDOWS\System32\msvcrt.dll
0x00007ffa72e30000 - 0x00007ffa72ed6000 	C:\WINDOWS\System32\sechost.dll
0x00007ffa71be0000 - 0x00007ffa71cf8000 	C:\WINDOWS\System32\RPCRT4.dll
0x00007ffa72ba0000 - 0x00007ffa72d65000 	C:\WINDOWS\System32\USER32.dll
0x00007ffa4de80000 - 0x00007ffa4e11a000 	C:\WINDOWS\WinSxS\amd64_microsoft.windows.common-controls_6595b64144ccf1df_6.0.26100.4768_none_3e0c112ce331287c\COMCTL32.dll
0x00007ffa70830000 - 0x00007ffa70857000 	C:\WINDOWS\System32\win32u.dll
0x00007ffa71590000 - 0x00007ffa715bb000 	C:\WINDOWS\System32\GDI32.dll
0x00007ffa70050000 - 0x00007ffa70188000 	C:\WINDOWS\System32\gdi32full.dll
0x00007ffa61270000 - 0x00007ffa6127b000 	C:\WINDOWS\SYSTEM32\VERSION.dll
0x00007ffa70630000 - 0x00007ffa706d3000 	C:\WINDOWS\System32\msvcp_win.dll
0x00007ffa71ba0000 - 0x00007ffa71bcf000 	C:\WINDOWS\System32\IMM32.DLL
0x00007ffa5caf0000 - 0x00007ffa5cafc000 	C:\Program Files\Java\jdk-17\bin\vcruntime140_1.dll
0x00007ffa493f0000 - 0x00007ffa4947e000 	C:\Program Files\Java\jdk-17\bin\msvcp140.dll
0x00007ff9c1bd0000 - 0x00007ff9c27b0000 	C:\Program Files\Java\jdk-17\bin\server\jvm.dll
0x00007ffa70dd0000 - 0x00007ffa70dd8000 	C:\WINDOWS\System32\PSAPI.DLL
0x00007ffa5f530000 - 0x00007ffa5f53a000 	C:\WINDOWS\SYSTEM32\WSOCK32.dll
0x00007ffa51280000 - 0x00007ffa512b5000 	C:\WINDOWS\SYSTEM32\WINMM.dll
0x00007ffa715c0000 - 0x00007ffa71634000 	C:\WINDOWS\System32\WS2_32.dll
0x00007ffa6edd0000 - 0x00007ffa6edeb000 	C:\WINDOWS\SYSTEM32\kernel.appcore.dll
0x00007ffa5cae0000 - 0x00007ffa5caea000 	C:\Program Files\Java\jdk-17\bin\jimage.dll
0x00007ffa6d500000 - 0x00007ffa6d741000 	C:\WINDOWS\SYSTEM32\DBGHELP.DLL
0x00007ffa71d00000 - 0x00007ffa72085000 	C:\WINDOWS\System32\combase.dll
0x00007ffa71980000 - 0x00007ffa71a60000 	C:\WINDOWS\System32\OLEAUT32.dll
0x00007ffa51680000 - 0x00007ffa516c3000 	C:\WINDOWS\SYSTEM32\dbgcore.DLL
0x00007ffa70590000 - 0x00007ffa70629000 	C:\WINDOWS\System32\bcryptPrimitives.dll
0x00007ffa4e750000 - 0x00007ffa4e75e000 	C:\Program Files\Java\jdk-17\bin\instrument.dll
0x00007ffa53e60000 - 0x00007ffa53e85000 	C:\Program Files\Java\jdk-17\bin\java.dll
0x00007ffa398a0000 - 0x00007ffa39977000 	C:\Program Files\Java\jdk-17\bin\jsvml.dll
0x00007ffa72140000 - 0x00007ffa7288d000 	C:\WINDOWS\System32\SHELL32.dll
0x00007ffa70b30000 - 0x00007ffa70ca3000 	C:\WINDOWS\System32\wintypes.dll
0x00007ffa6dc00000 - 0x00007ffa6e45f000 	C:\WINDOWS\SYSTEM32\windows.storage.dll
0x00007ffa71800000 - 0x00007ffa718f5000 	C:\WINDOWS\System32\SHCORE.dll
0x00007ffa72b30000 - 0x00007ffa72b9a000 	C:\WINDOWS\System32\shlwapi.dll
0x00007ffa6ff70000 - 0x00007ffa6ff99000 	C:\WINDOWS\SYSTEM32\profapi.dll
0x00007ffa4ea90000 - 0x00007ffa4eaa8000 	C:\Program Files\Java\jdk-17\bin\zip.dll
0x00007ffa52af0000 - 0x00007ffa52b09000 	C:\Program Files\Java\jdk-17\bin\net.dll
0x00007ffa60a70000 - 0x00007ffa60b8e000 	C:\WINDOWS\SYSTEM32\WINHTTP.dll
0x00007ffa6f360000 - 0x00007ffa6f3cb000 	C:\WINDOWS\system32\mswsock.dll
0x00007ffa52ad0000 - 0x00007ffa52ae6000 	C:\Program Files\Java\jdk-17\bin\nio.dll
0x00007ffa53e50000 - 0x00007ffa53e60000 	C:\Program Files\Java\jdk-17\bin\verify.dll
0x00007ffa4ea60000 - 0x00007ffa4ea87000 	C:\Users\Neha\.gradle\native\1def1411415f61bf3af743bc5b6707747c0891f09f0c88961ee8f79bc544acac\windows-amd64\native-platform.dll
0x00007ffa43530000 - 0x00007ffa435a8000 	C:\Users\Neha\.gradle\native\0.2.7\x86_64-windows-gnu\gradle-fileevents.dll
0x00007ffa51f90000 - 0x00007ffa51f9a000 	C:\Program Files\Java\jdk-17\bin\management.dll
0x00007ffa51840000 - 0x00007ffa5184b000 	C:\Program Files\Java\jdk-17\bin\management_ext.dll
0x00007ffa6e850000 - 0x00007ffa6e883000 	C:\WINDOWS\SYSTEM32\IPHLPAPI.DLL
0x00007ffa71640000 - 0x00007ffa7164a000 	C:\WINDOWS\System32\NSI.dll
0x00007ffa691b0000 - 0x00007ffa691cf000 	C:\WINDOWS\SYSTEM32\dhcpcsvc6.DLL
0x00007ffa67670000 - 0x00007ffa67695000 	C:\WINDOWS\SYSTEM32\dhcpcsvc.DLL
0x00007ffa6e890000 - 0x00007ffa6e9b6000 	C:\WINDOWS\SYSTEM32\DNSAPI.dll
0x00007ffa6f620000 - 0x00007ffa6f63b000 	C:\WINDOWS\SYSTEM32\CRYPTSP.dll
0x00007ffa6ed30000 - 0x00007ffa6ed6b000 	C:\WINDOWS\system32\rsaenh.dll
0x00007ffa6f400000 - 0x00007ffa6f42b000 	C:\WINDOWS\SYSTEM32\USERENV.dll
0x00007ffa6ff40000 - 0x00007ffa6ff66000 	C:\WINDOWS\SYSTEM32\bcrypt.dll
0x00007ffa6f640000 - 0x00007ffa6f64c000 	C:\WINDOWS\SYSTEM32\CRYPTBASE.dll
0x00007ffa4e370000 - 0x00007ffa4e37e000 	C:\Program Files\Java\jdk-17\bin\sunmscapi.dll
0x00007ffa709b0000 - 0x00007ffa70b27000 	C:\WINDOWS\System32\CRYPT32.dll
0x00007ffa6f840000 - 0x00007ffa6f870000 	C:\WINDOWS\SYSTEM32\ncrypt.dll
0x00007ffa6f7f0000 - 0x00007ffa6f82f000 	C:\WINDOWS\SYSTEM32\NTASN1.dll
0x00007ffa4e360000 - 0x00007ffa4e368000 	C:\WINDOWS\system32\wshunix.dll
0x00007ffa691a0000 - 0x00007ffa691ab000 	C:\Windows\System32\rasadhlp.dll
0x00007ffa68d30000 - 0x00007ffa68db6000 	C:\WINDOWS\System32\fwpuclnt.dll
0x00007ffa6ef00000 - 0x00007ffa6ef36000 	C:\WINDOWS\SYSTEM32\ntmarta.dll

dbghelp: loaded successfully - version: 4.0.5 - missing functions: none
symbol engine: initialized successfully - sym options: 0x614 - pdb path: .;C:\Program Files\Java\jdk-17\bin;C:\WINDOWS\SYSTEM32;C:\WINDOWS\WinSxS\amd64_microsoft.windows.common-controls_6595b64144ccf1df_6.0.26100.4768_none_3e0c112ce331287c;C:\Program Files\Java\jdk-17\bin\server;C:\Users\Neha\.gradle\native\1def1411415f61bf3af743bc5b6707747c0891f09f0c88961ee8f79bc544acac\windows-amd64;C:\Users\Neha\.gradle\native\0.2.7\x86_64-windows-gnu

VM Arguments:
jvm_args: --add-opens=java.base/java.lang=ALL-UNNAMED --add-opens=java.base/java.lang.invoke=ALL-UNNAMED --add-opens=java.base/java.util=ALL-UNNAMED --add-opens=java.prefs/java.util.prefs=ALL-UNNAMED --add-exports=jdk.compiler/com.sun.tools.javac.api=ALL-UNNAMED --add-exports=jdk.compiler/com.sun.tools.javac.util=ALL-UNNAMED --add-opens=java.base/java.util=ALL-UNNAMED --add-opens=java.prefs/java.util.prefs=ALL-UNNAMED --add-opens=java.base/java.nio.charset=ALL-UNNAMED --add-opens=java.base/java.net=ALL-UNNAMED --add-opens=java.base/java.util.concurrent.atomic=ALL-UNNAMED --add-opens=java.xml/javax.xml.namespace=ALL-UNNAMED -XX:MaxMetaspaceSize=512m -Xmx2048m -Dfile.encoding=windows-1252 -Duser.country=GB -Duser.language=en -Duser.variant -javaagent:C:\Users\Neha\.gradle\wrapper\dists\gradle-8.14.1-bin\baw1sv0jfoi8rxs14qo3h49cs\gradle-8.14.1\lib\agents\gradle-instrumentation-agent-8.14.1.jar 
java_command: org.gradle.launcher.daemon.bootstrap.GradleDaemon 8.14.1
java_class_path (initial): C:\Users\Neha\.gradle\wrapper\dists\gradle-8.14.1-bin\baw1sv0jfoi8rxs14qo3h49cs\gradle-8.14.1\lib\gradle-daemon-main-8.14.1.jar
Launcher Type: SUN_STANDARD

[Global flags]
     intx CICompilerCount                          = 4                                         {product} {ergonomic}
   size_t CompressedClassSpaceSize                 = 436207616                                 {product} {ergonomic}
     uint ConcGCThreads                            = 2                                         {product} {ergonomic}
     uint G1ConcRefinementThreads                  = 8                                         {product} {ergonomic}
   size_t G1HeapRegionSize                         = 1048576                                   {product} {ergonomic}
    uintx GCDrainStackTargetSize                   = 64                                        {product} {ergonomic}
   size_t InitialHeapSize                          = 132120576                                 {product} {ergonomic}
   size_t MarkStackSize                            = 4194304                                   {product} {ergonomic}
   size_t MaxHeapSize                              = 2147483648                                {product} {command line}
   size_t MaxMetaspaceSize                         = 536870912                                 {product} {command line}
   size_t MaxNewSize                               = 1287651328                                {product} {ergonomic}
   size_t MinHeapDeltaBytes                        = 1048576                                   {product} {ergonomic}
   size_t MinHeapSize                              = 8388608                                   {product} {ergonomic}
    uintx NonNMethodCodeHeapSize                   = 5839372                                {pd product} {ergonomic}
    uintx NonProfiledCodeHeapSize                  = 122909434                              {pd product} {ergonomic}
    uintx ProfiledCodeHeapSize                     = 122909434                              {pd product} {ergonomic}
    uintx ReservedCodeCacheSize                    = 251658240                              {pd product} {ergonomic}
     bool SegmentedCodeCache                       = true                                      {product} {ergonomic}
   size_t SoftMaxHeapSize                          = 2147483648                             {manageable} {ergonomic}
     bool UseCompressedClassPointers               = true                           {product lp64_product} {ergonomic}
     bool UseCompressedOops                        = true                           {product lp64_product} {ergonomic}
     bool UseG1GC                                  = true                                      {product} {ergonomic}
     bool UseLargePagesIndividualAllocation        = false                                  {pd product} {ergonomic}

Logging:
Log output configuration:
 #0: stdout all=warning uptime,level,tags
 #1: stderr all=off uptime,level,tags

Environment Variables:
JAVA_HOME=C:\Program Files\Java\jdk-17
PATH=D:\skinSync\node_modules\.bin;D:\skinSync\node_modules\.bin;D:\node_modules\.bin;C:\Users\Neha\AppData\Roaming\npm\node_modules\npm\node_modules\@npmcli\run-script\lib\node-gyp-bin;C:\Users\Neha\AppData\Local\Android\Sdk\platform-tools;C:\Python311\Scripts\;C:\Python311\;C:\Program Files\Common Files\Oracle\Java\javapath;C:\Python39\Scripts\;C:\Python39\;C:\WINDOWS\system32;C:\WINDOWS;C:\WINDOWS\System32\Wbem;C:\WINDOWS\System32\WindowsPowerShell\v1.0\;C:\WINDOWS\System32\OpenSSH\;C:\ProgramData\chocolatey\bin;C:\Users\Neha\AppData\Local\Android\Sdk\platform-tools;C:\Program Files\OpenJDK\openjdk-8u302-b08\bin;C:\Program Files\Git\cmd;C:\Program Files\dotnet\;C:\Users\Neha\AppData\Local\Android\Sdk;C:\Program Files\nodejs\;C:\Users\Neha\AppData\Local\Programs\Microsoft VS Code\bin;C:\Users\Neha\AppData\Local\Microsoft\WindowsApps;C:\Users\Neha\AppData\Local\Programs\Microsoft VS Code\bin;C:\Users\Neha\AppData\Local\GitHubDesktop\bin
USERNAME=Neha
OS=Windows_NT
PROCESSOR_IDENTIFIER=Intel64 Family 6 Model 140 Stepping 1, GenuineIntel



---------------  S Y S T E M  ---------------

OS:
 Windows 11 , 64 bit Build 26100 (10.0.26100.4768)
OS uptime: 5 days 9:11 hours
Hyper-V role detected

CPU: total 8 (initial active 8) (4 cores per cpu, 2 threads per core) family 6 model 140 stepping 1 microcode 0xbc, cx8, cmov, fxsr, ht, mmx, 3dnowpref, sse, sse2, sse3, ssse3, sse4.1, sse4.2, popcnt, lzcnt, tsc, tscinvbit, avx, avx2, aes, erms, clmul, bmi1, bmi2, adx, avx512f, avx512dq, avx512cd, avx512bw, avx512vl, sha, fma, vzeroupper, avx512_vpopcntdq, avx512_vpclmulqdq, avx512_vaes, avx512_vnni, clflush, clflushopt, clwb, avx512_vbmi2, avx512_vbmi, hv

Memory: 4k page, system-wide physical 7959M (655M free)
TotalPageFile size 31284M (AvailPageFile size 0M)
current process WorkingSet (physical memory assigned to process): 188M, peak: 621M
current process commit charge ("private bytes"): 788M, peak: 839M

vm_info: Java HotSpot(TM) 64-Bit Server VM (17.0.12+8-LTS-286) for windows-amd64 JRE (17.0.12+8-LTS-286), built on Jun  5 2024 06:46:59 by "mach5one" with MS VC++ 17.6 (VS2022)

END.
